Using pre-set license
Built from '2022.3/staging' branch; Version is '2022.3.35f1 (011206c7a712) revision 70150'; Using compiler version '192829333'; Build Type 'Release'
OS: 'Windows 11  (10.0.22631) 64bit Core' Language: 'ko' Physical Memory: 14029 MB
BatchMode: 1, IsHumanControllingUs: 0, StartBugReporterOnCrash: 0, Is64bit: 1, IsPro: 1

COMMAND LINE ARGUMENTS:
C:\Program Files\Unity\Hub\Editor\2022.3.35f1\Editor\Unity.exe
-adb2
-batchMode
-noUpm
-name
AssetImportWorker25
-projectPath
C:/Unity_project/ARVR/sideview/sideview/sideview_puzzle
-logFile
Logs/AssetImportWorker25.log
-srvPort
56830
Successfully changed project path to: C:/Unity_project/ARVR/sideview/sideview/sideview_puzzle
C:/Unity_project/ARVR/sideview/sideview/sideview_puzzle
[UnityMemory] Configuration Parameters - Can be set up in boot.config
    "memorysetup-bucket-allocator-granularity=16"
    "memorysetup-bucket-allocator-bucket-count=8"
    "memorysetup-bucket-allocator-block-size=33554432"
    "memorysetup-bucket-allocator-block-count=8"
    "memorysetup-main-allocator-block-size=16777216"
    "memorysetup-thread-allocator-block-size=16777216"
    "memorysetup-gfx-main-allocator-block-size=16777216"
    "memorysetup-gfx-thread-allocator-block-size=16777216"
    "memorysetup-cache-allocator-block-size=4194304"
    "memorysetup-typetree-allocator-block-size=2097152"
    "memorysetup-profiler-bucket-allocator-granularity=16"
    "memorysetup-profiler-bucket-allocator-bucket-count=8"
    "memorysetup-profiler-bucket-allocator-block-size=33554432"
    "memorysetup-profiler-bucket-allocator-block-count=8"
    "memorysetup-profiler-allocator-block-size=16777216"
    "memorysetup-profiler-editor-allocator-block-size=1048576"
    "memorysetup-temp-allocator-size-main=16777216"
    "memorysetup-job-temp-allocator-block-size=2097152"
    "memorysetup-job-temp-allocator-block-size-background=1048576"
    "memorysetup-job-temp-allocator-reduction-small-platforms=262144"
    "memorysetup-allocator-temp-initial-block-size-main=262144"
    "memorysetup-allocator-temp-initial-block-size-worker=262144"
    "memorysetup-temp-allocator-size-background-worker=32768"
    "memorysetup-temp-allocator-size-job-worker=262144"
    "memorysetup-temp-allocator-size-preload-manager=33554432"
    "memorysetup-temp-allocator-size-nav-mesh-worker=65536"
    "memorysetup-temp-allocator-size-audio-worker=65536"
    "memorysetup-temp-allocator-size-cloud-worker=32768"
    "memorysetup-temp-allocator-size-gi-baking-worker=262144"
    "memorysetup-temp-allocator-size-gfx=262144"
Player connection [39412] Host "[IP] 10.50.244.213 [Port] 0 [Flags] 2 [Guid] 1554228611 [EditorId] 1554228611 [Version] 1048832 [Id] WindowsEditor(7,YJH-v16) [Debug] 1 [PackageName] WindowsEditor [ProjectName] Editor" joined multi-casting on [225.0.0.222:54997]...

Player connection [39412] Host "[IP] 10.50.244.213 [Port] 0 [Flags] 2 [Guid] 1554228611 [EditorId] 1554228611 [Version] 1048832 [Id] WindowsEditor(7,YJH-v16) [Debug] 1 [PackageName] WindowsEditor [ProjectName] Editor" joined alternative multi-casting on [225.0.0.222:34997]...

[PhysX] Initialized MultithreadedTaskDispatcher with 24 workers.
Refreshing native plugins compatible for Editor in 5622.18 ms, found 3 plugins.
Preloading 0 native plugins for Editor in 0.00 ms.
Initialize engine version: 2022.3.35f1 (011206c7a712)
[Subsystems] Discovering subsystems at path C:/Program Files/Unity/Hub/Editor/2022.3.35f1/Editor/Data/Resources/UnitySubsystems
[Subsystems] Discovering subsystems at path C:/Unity_project/ARVR/sideview/sideview/sideview_puzzle/Assets
GfxDevice: creating device client; threaded=0; jobified=0
Direct3D:
    Version:  Direct3D 11.0 [level 11.1]
    Renderer: NVIDIA GeForce RTX 4060 Laptop GPU (ID=0x28a0)
    Vendor:   NVIDIA
    VRAM:     7972 MB
    Driver:   31.0.15.4680
Initialize mono
Mono path[0] = 'C:/Program Files/Unity/Hub/Editor/2022.3.35f1/Editor/Data/Managed'
Mono path[1] = 'C:/Program Files/Unity/Hub/Editor/2022.3.35f1/Editor/Data/MonoBleedingEdge/lib/mono/unityjit-win32'
Mono config path = 'C:/Program Files/Unity/Hub/Editor/2022.3.35f1/Editor/Data/MonoBleedingEdge/etc'
Using monoOptions --debugger-agent=transport=dt_socket,embedding=1,server=y,suspend=n,address=127.0.0.1:56144
Begin MonoManager ReloadAssembly
Registering precompiled unity dll's ...
Register platform support module: C:/Program Files/Unity/Hub/Editor/2022.3.35f1/Editor/Data/PlaybackEngines/AndroidPlayer/UnityEditor.Android.Extensions.dll
Register platform support module: C:/Program Files/Unity/Hub/Editor/2022.3.35f1/Editor/Data/PlaybackEngines/WindowsStandaloneSupport/UnityEditor.WindowsStandalone.Extensions.dll
Registered in 1.096568 seconds.
- Loaded All Assemblies, in 21.571 seconds
Native extension for WindowsStandalone target not found
Native extension for Android target not found
Android Extension - Scanning For ADB Devices 967 ms
Mono: successfully reloaded assembly
- Finished resetting the current domain, in  1.728 seconds
Domain Reload Profiling: 23298ms
	BeginReloadAssembly (14988ms)
		ExecutionOrderSort (0ms)
		DisableScriptedObjects (0ms)
		BackupInstance (0ms)
		ReleaseScriptingObjects (0ms)
		CreateAndSetChildDomain (1ms)
	RebuildCommonClasses (1290ms)
	RebuildNativeTypeToScriptingClass (11ms)
	initialDomainReloadingComplete (1158ms)
	LoadAllAssembliesAndSetupDomain (4122ms)
		LoadAssemblies (14987ms)
		RebuildTransferFunctionScriptingTraits (0ms)
		AnalyzeDomain (4119ms)
			TypeCache.Refresh (4117ms)
				TypeCache.ScanAssembly (3318ms)
			ScanForSourceGeneratedMonoScriptInfo (1ms)
			ResolveRequiredComponents (1ms)
	FinalizeReload (1728ms)
		ReleaseScriptCaches (0ms)
		RebuildScriptCaches (0ms)
		SetupLoadedEditorAssemblies (1670ms)
			LogAssemblyErrors (0ms)
			InitializePlatformSupportModulesInManaged (1483ms)
			SetLoadedEditorAssemblies (4ms)
			RefreshPlugins (0ms)
			BeforeProcessingInitializeOnLoad (2ms)
			ProcessInitializeOnLoadAttributes (118ms)
			ProcessInitializeOnLoadMethodAttributes (63ms)
			AfterProcessingInitializeOnLoad (0ms)
			EditorAssembliesLoaded (0ms)
		ExecutionOrderSort2 (0ms)
		AwakeInstancesAfterBackupRestoration (0ms)
========================================================================
Worker process is ready to serve import requests
Begin MonoManager ReloadAssembly
- Loaded All Assemblies, in 18.900 seconds
Refreshing native plugins compatible for Editor in 2.26 ms, found 3 plugins.
Native extension for WindowsStandalone target not found
Native extension for Android target not found
Package Manager log level set to [2]
[Package Manager] Server::EnsureServerProcessIsRunning -- launch failed, reason: Unity was launched with the -noUpm command-line argument
[Package Manager] UpmClient::Send -- Unable to send message (not connected to UPM process).
[Package Manager] Cannot connect to Unity Package Manager local server
Mono: successfully reloaded assembly
- Finished resetting the current domain, in  0.930 seconds
Domain Reload Profiling: 19820ms
	BeginReloadAssembly (134ms)
		ExecutionOrderSort (0ms)
		DisableScriptedObjects (5ms)
		BackupInstance (0ms)
		ReleaseScriptingObjects (0ms)
		CreateAndSetChildDomain (22ms)
	RebuildCommonClasses (33ms)
	RebuildNativeTypeToScriptingClass (11ms)
	initialDomainReloadingComplete (43ms)
	LoadAllAssembliesAndSetupDomain (18668ms)
		LoadAssemblies (16865ms)
		RebuildTransferFunctionScriptingTraits (0ms)
		AnalyzeDomain (1882ms)
			TypeCache.Refresh (1852ms)
				TypeCache.ScanAssembly (1680ms)
			ScanForSourceGeneratedMonoScriptInfo (21ms)
			ResolveRequiredComponents (6ms)
	FinalizeReload (930ms)
		ReleaseScriptCaches (0ms)
		RebuildScriptCaches (0ms)
		SetupLoadedEditorAssemblies (769ms)
			LogAssemblyErrors (0ms)
			InitializePlatformSupportModulesInManaged (24ms)
			SetLoadedEditorAssemblies (4ms)
			RefreshPlugins (0ms)
			BeforeProcessingInitializeOnLoad (58ms)
			ProcessInitializeOnLoadAttributes (653ms)
			ProcessInitializeOnLoadMethodAttributes (22ms)
			AfterProcessingInitializeOnLoad (7ms)
			EditorAssembliesLoaded (0ms)
		ExecutionOrderSort2 (0ms)
		AwakeInstancesAfterBackupRestoration (9ms)
Launched and connected shader compiler UnityShaderCompiler.exe after 0.17 seconds
Refreshing native plugins compatible for Editor in 5.10 ms, found 3 plugins.
Preloading 0 native plugins for Editor in 0.00 ms.
Unloading 3456 Unused Serialized files (Serialized files now loaded: 0)
Unloading 58 unused Assets / (1.9 MB). Loaded Objects now: 3936.
Memory consumption went from 201.4 MB to 199.6 MB.
Total: 7.470900 ms (FindLiveObjects: 0.438100 ms CreateObjectMapping: 0.327100 ms MarkObjects: 6.225500 ms  DeleteObjects: 0.478700 ms)

AssetImportParameters requested are different than current active one (requested -> active):
  custom:container-demuxer-ogg: 62fdf1f143b41e24485cea50d1cbac27 -> 
  custom:scripting/monoscript/fileName/qwer.cs: f964b07dff5a9f91b9b8dcb5a2e153e6 -> 
  custom:video-codec-MediaFoundation-h265: 746d11721c4dcdbdad8f713fa42b33f4 -> 
  custom:video-decoder-ogg-theora: a1e56fd34408186e4bbccfd4996cb3dc -> 
  custom:framework-win-MediaFoundation: 216162199b28c13a410421893ffa2e32 -> 
  custom:CustomObjectIndexerAttribute: 9a22284fe3817be447336de3de66b15e -> 
  custom:container-demuxer-webm: 4f35f7cbe854078d1ac9338744f61a02 -> 
  custom:container-muxer-webm: aa71ff27fc2769a1b78a27578f13a17b -> 
  custom:video-decoder-webm-vp8: 9c59270c3fd7afecdb556c50c9e8de78 -> 
  custom:SearchIndexIgnoredProperties: e643bd26f0fe6173181afceb89e7c659 -> 
  custom:AudioImporter_EditorPlatform: d09bf68614088b80899f8185d706f6e7 -> 
  custom:video-encoder-webm-vp8: eb34c28f22e8b96e1ab97ce403110664 -> 
  custom:audio-decoder-ogg-vorbis: bf7c407c2cedff20999df2af8eb42d56 -> 
  custom:audio-encoder-webm-vorbis: bf7c407c2cedff20999df2af8eb42d56 -> 
========================================================================
Received Import Request.
  Time since last request: 503391.186187 seconds.
  path: Assets/RPG_FPS_game_assets_industrial/Containers/Cargo_container_v1/Source
  artifactKey: Guid(28d1583161d025f44a005c9abbecdfc8) Importer(815301076,1909f56bfc062723c751e8b465ee728b)
Start importing Assets/RPG_FPS_game_assets_industrial/Containers/Cargo_container_v1/Source using Guid(28d1583161d025f44a005c9abbecdfc8) Importer(815301076,1909f56bfc062723c751e8b465ee728b) [PhysX] Initialized MultithreadedTaskDispatcher with 24 workers.
 -> (artifact id: '5834f5ccd4a48e36d7ac3f9623e22ba6') in 0.013210 seconds
Number of updated asset objects reloaded before import = 0
Number of asset objects unloaded after import = 0
========================================================================
Received Import Request.
  Time since last request: 23.302090 seconds.
  path: Assets/RPG_FPS_game_assets_industrial/Buildings/Industrial/Hangars/Hangar_v4/Hangar_v4.prefab
  artifactKey: Guid(65feeeb562c61c744aa87b8eb394ffcf) Importer(815301076,1909f56bfc062723c751e8b465ee728b)
Start importing Assets/RPG_FPS_game_assets_industrial/Buildings/Industrial/Hangars/Hangar_v4/Hangar_v4.prefab using Guid(65feeeb562c61c744aa87b8eb394ffcf) Importer(815301076,1909f56bfc062723c751e8b465ee728b) [PhysX] Initialized MultithreadedTaskDispatcher with 24 workers.
[PhysX] Initialized MultithreadedTaskDispatcher with 24 workers.
 -> (artifact id: '944acf4081494d3311d4ecd499705835') in 0.146462 seconds
Number of updated asset objects reloaded before import = 0
Number of asset objects unloaded after import = 10
========================================================================
Received Import Request.
  Time since last request: 0.799856 seconds.
  path: Assets/RPG_FPS_game_assets_industrial/Buildings/Industrial/Hangars/Hangar_v5/Hangar_v5_1_EP1.prefab
  artifactKey: Guid(e65911a1a299b3244bae360547203d64) Importer(815301076,1909f56bfc062723c751e8b465ee728b)
Start importing Assets/RPG_FPS_game_assets_industrial/Buildings/Industrial/Hangars/Hangar_v5/Hangar_v5_1_EP1.prefab using Guid(e65911a1a299b3244bae360547203d64) Importer(815301076,1909f56bfc062723c751e8b465ee728b) [PhysX] Initialized MultithreadedTaskDispatcher with 24 workers.
[PhysX] Initialized MultithreadedTaskDispatcher with 24 workers.
 -> (artifact id: 'c05ee9790c321f9462ab4eba59d37a64') in 0.081843 seconds
Number of updated asset objects reloaded before import = 0
Number of asset objects unloaded after import = 10
========================================================================
Received Import Request.
  Time since last request: 0.000045 seconds.
  path: Assets/RPG_FPS_game_assets_industrial/Buildings/Industrial/Hangars/Hangar_v5/Hangar_v5_1_EP7.prefab
  artifactKey: Guid(532a5490ef1d80f4b8611aab89843b4a) Importer(815301076,1909f56bfc062723c751e8b465ee728b)
Start importing Assets/RPG_FPS_game_assets_industrial/Buildings/Industrial/Hangars/Hangar_v5/Hangar_v5_1_EP7.prefab using Guid(532a5490ef1d80f4b8611aab89843b4a) Importer(815301076,1909f56bfc062723c751e8b465ee728b) [PhysX] Initialized MultithreadedTaskDispatcher with 24 workers.
[PhysX] Initialized MultithreadedTaskDispatcher with 24 workers.
 -> (artifact id: '6853df8ea8fd6b209aa3b46567c1f761') in 0.031664 seconds
Number of updated asset objects reloaded before import = 0
Number of asset objects unloaded after import = 10
========================================================================
Received Import Request.
  Time since last request: 0.000064 seconds.
  path: Assets/RPG_FPS_game_assets_industrial/Buildings/Industrial/Hangars/Hangar_v5/Hangar_v5_1_EP4.prefab
  artifactKey: Guid(2211b68b1c8d117478803441a780ac9a) Importer(815301076,1909f56bfc062723c751e8b465ee728b)
Start importing Assets/RPG_FPS_game_assets_industrial/Buildings/Industrial/Hangars/Hangar_v5/Hangar_v5_1_EP4.prefab using Guid(2211b68b1c8d117478803441a780ac9a) Importer(815301076,1909f56bfc062723c751e8b465ee728b) [PhysX] Initialized MultithreadedTaskDispatcher with 24 workers.
[PhysX] Initialized MultithreadedTaskDispatcher with 24 workers.
 -> (artifact id: '8b8f024e2771c930ad60ac563d96fc63') in 0.029270 seconds
Number of updated asset objects reloaded before import = 0
Number of asset objects unloaded after import = 10
========================================================================
Received Import Request.
  Time since last request: 0.000024 seconds.
  path: Assets/RPG_FPS_game_assets_industrial/Buildings/Industrial/Hangars/Hangar_v5/Hangar_v5_1_TP2.prefab
  artifactKey: Guid(eec9e14dd967f0445a2a9426c628a2b2) Importer(815301076,1909f56bfc062723c751e8b465ee728b)
Start importing Assets/RPG_FPS_game_assets_industrial/Buildings/Industrial/Hangars/Hangar_v5/Hangar_v5_1_TP2.prefab using Guid(eec9e14dd967f0445a2a9426c628a2b2) Importer(815301076,1909f56bfc062723c751e8b465ee728b) [PhysX] Initialized MultithreadedTaskDispatcher with 24 workers.
[PhysX] Initialized MultithreadedTaskDispatcher with 24 workers.
 -> (artifact id: 'a51b93c868efd8d3773fe6cda30a808c') in 0.025224 seconds
Number of updated asset objects reloaded before import = 0
Number of asset objects unloaded after import = 10
========================================================================
Received Import Request.
  Time since last request: 0.000021 seconds.
  path: Assets/RPG_FPS_game_assets_industrial/Buildings/Industrial/Hangars/Hangar_v5/Hangar_v5_1_TP3.prefab
  artifactKey: Guid(ce073122d54eb174db18efe2e74abb55) Importer(815301076,1909f56bfc062723c751e8b465ee728b)
Start importing Assets/RPG_FPS_game_assets_industrial/Buildings/Industrial/Hangars/Hangar_v5/Hangar_v5_1_TP3.prefab using Guid(ce073122d54eb174db18efe2e74abb55) Importer(815301076,1909f56bfc062723c751e8b465ee728b) [PhysX] Initialized MultithreadedTaskDispatcher with 24 workers.
[PhysX] Initialized MultithreadedTaskDispatcher with 24 workers.
 -> (artifact id: '9689bb992803962bd88af53abe1edfb1') in 0.024950 seconds
Number of updated asset objects reloaded before import = 0
Number of asset objects unloaded after import = 10
========================================================================
Received Import Request.
  Time since last request: 0.000023 seconds.
  path: Assets/RPG_FPS_game_assets_industrial/Buildings/Industrial/Hangars/Hangar_v5/Hangar_v5_1_TP7.prefab
  artifactKey: Guid(4debf40cf14d97d4dafad7fa533fa16c) Importer(815301076,1909f56bfc062723c751e8b465ee728b)
Start importing Assets/RPG_FPS_game_assets_industrial/Buildings/Industrial/Hangars/Hangar_v5/Hangar_v5_1_TP7.prefab using Guid(4debf40cf14d97d4dafad7fa533fa16c) Importer(815301076,1909f56bfc062723c751e8b465ee728b) [PhysX] Initialized MultithreadedTaskDispatcher with 24 workers.
[PhysX] Initialized MultithreadedTaskDispatcher with 24 workers.
 -> (artifact id: '3f5908e66d5bb9b5b4a28ccbc373967e') in 0.028749 seconds
Number of updated asset objects reloaded before import = 0
Number of asset objects unloaded after import = 10
========================================================================
Received Import Request.
  Time since last request: 0.000022 seconds.
  path: Assets/RPG_FPS_game_assets_industrial/Buildings/Industrial/Hangars/Hangar_v5/Hangar_v5_1_TP1.prefab
  artifactKey: Guid(c47f75a8dabccb94eb8a98002a824f0e) Importer(815301076,1909f56bfc062723c751e8b465ee728b)
Start importing Assets/RPG_FPS_game_assets_industrial/Buildings/Industrial/Hangars/Hangar_v5/Hangar_v5_1_TP1.prefab using Guid(c47f75a8dabccb94eb8a98002a824f0e) Importer(815301076,1909f56bfc062723c751e8b465ee728b) [PhysX] Initialized MultithreadedTaskDispatcher with 24 workers.
[PhysX] Initialized MultithreadedTaskDispatcher with 24 workers.
 -> (artifact id: 'e4ad6802b412e29af2609bddc61b6e72') in 0.023205 seconds
Number of updated asset objects reloaded before import = 0
Number of asset objects unloaded after import = 10
========================================================================
Received Import Request.
  Time since last request: 0.000020 seconds.
  path: Assets/RPG_FPS_game_assets_industrial/Buildings/Industrial/Hangars/Hangar_v5/Hangar_v5_1_TP4.prefab
  artifactKey: Guid(f14bcacfdbcd52d4983ed427970879d0) Importer(815301076,1909f56bfc062723c751e8b465ee728b)
Start importing Assets/RPG_FPS_game_assets_industrial/Buildings/Industrial/Hangars/Hangar_v5/Hangar_v5_1_TP4.prefab using Guid(f14bcacfdbcd52d4983ed427970879d0) Importer(815301076,1909f56bfc062723c751e8b465ee728b) [PhysX] Initialized MultithreadedTaskDispatcher with 24 workers.
[PhysX] Initialized MultithreadedTaskDispatcher with 24 workers.
 -> (artifact id: '9f2e8b2419ff4fc1c122ae6b48a94cda') in 0.026236 seconds
Number of updated asset objects reloaded before import = 0
Number of asset objects unloaded after import = 10
========================================================================
Received Import Request.
  Time since last request: 0.000027 seconds.
  path: Assets/RPG_FPS_game_assets_industrial/Buildings/Industrial/Hangars/Hangar_v5/Hangar_v5_1_TP8.prefab
  artifactKey: Guid(5b469857c72236c42852e1f3a6b1f440) Importer(815301076,1909f56bfc062723c751e8b465ee728b)
Start importing Assets/RPG_FPS_game_assets_industrial/Buildings/Industrial/Hangars/Hangar_v5/Hangar_v5_1_TP8.prefab using Guid(5b469857c72236c42852e1f3a6b1f440) Importer(815301076,1909f56bfc062723c751e8b465ee728b) [PhysX] Initialized MultithreadedTaskDispatcher with 24 workers.
[PhysX] Initialized MultithreadedTaskDispatcher with 24 workers.
 -> (artifact id: '8db6832a4b0278109d7d56a2fc9173da') in 0.034070 seconds
Number of updated asset objects reloaded before import = 0
Number of asset objects unloaded after import = 10
========================================================================
Received Import Request.
  Time since last request: 1.313119 seconds.
  path: Assets/RPG_FPS_game_assets_industrial/Buildings/Industrial/Hangars/Hangar_v6/Hangar_v6_1.prefab
  artifactKey: Guid(b69a894e9ba3d9c40ac239743745cae4) Importer(815301076,1909f56bfc062723c751e8b465ee728b)
Start importing Assets/RPG_FPS_game_assets_industrial/Buildings/Industrial/Hangars/Hangar_v6/Hangar_v6_1.prefab using Guid(b69a894e9ba3d9c40ac239743745cae4) Importer(815301076,1909f56bfc062723c751e8b465ee728b) [PhysX] Initialized MultithreadedTaskDispatcher with 24 workers.
[PhysX] Initialized MultithreadedTaskDispatcher with 24 workers.
 -> (artifact id: '7866d9faf36ad8f74dd417fc1a941a07') in 0.076199 seconds
Number of updated asset objects reloaded before import = 0
Number of asset objects unloaded after import = 10
========================================================================
Received Import Request.
  Time since last request: 0.000022 seconds.
  path: Assets/RPG_FPS_game_assets_industrial/Buildings/Industrial/Hangars/Hangar_v6/Hangar_v6_3.prefab
  artifactKey: Guid(ce5c4f1e4d5aba246ac5abe74fb049e7) Importer(815301076,1909f56bfc062723c751e8b465ee728b)
Start importing Assets/RPG_FPS_game_assets_industrial/Buildings/Industrial/Hangars/Hangar_v6/Hangar_v6_3.prefab using Guid(ce5c4f1e4d5aba246ac5abe74fb049e7) Importer(815301076,1909f56bfc062723c751e8b465ee728b) [PhysX] Initialized MultithreadedTaskDispatcher with 24 workers.
[PhysX] Initialized MultithreadedTaskDispatcher with 24 workers.
 -> (artifact id: '7b7b20effadf422183a5c462bbe03b84') in 0.033340 seconds
Number of updated asset objects reloaded before import = 0
Number of asset objects unloaded after import = 10
========================================================================
Received Import Request.
  Time since last request: 3.480684 seconds.
  path: Assets/RPG_FPS_game_assets_industrial/Buildings/Industrial/Hangars/Hangars_interior/Source/Hangars_interior_v1.tga
  artifactKey: Guid(7e8aaa8126dc6274b962d65ff7529e5c) Importer(815301076,1909f56bfc062723c751e8b465ee728b)
Start importing Assets/RPG_FPS_game_assets_industrial/Buildings/Industrial/Hangars/Hangars_interior/Source/Hangars_interior_v1.tga using Guid(7e8aaa8126dc6274b962d65ff7529e5c) Importer(815301076,1909f56bfc062723c751e8b465ee728b) [PhysX] Initialized MultithreadedTaskDispatcher with 24 workers.
[PhysX] Initialized MultithreadedTaskDispatcher with 24 workers.
 -> (artifact id: 'da2469a6102c0d6ac9db6f350011a9a2') in 0.044791 seconds
Number of updated asset objects reloaded before import = 0
Number of asset objects unloaded after import = 2
========================================================================
Received Prepare
Begin MonoManager ReloadAssembly
- Loaded All Assemblies, in  0.408 seconds
Refreshing native plugins compatible for Editor in 2.41 ms, found 3 plugins.
Native extension for WindowsStandalone target not found
Native extension for Android target not found
[Package Manager] Server::EnsureServerProcessIsRunning -- launch failed, reason: Unity was launched with the -noUpm command-line argument
[Package Manager] UpmClient::Send -- Unable to send message (not connected to UPM process).
[Package Manager] Cannot connect to Unity Package Manager local server
Mono: successfully reloaded assembly
- Finished resetting the current domain, in  1.069 seconds
Domain Reload Profiling: 1475ms
	BeginReloadAssembly (154ms)
		ExecutionOrderSort (0ms)
		DisableScriptedObjects (4ms)
		BackupInstance (0ms)
		ReleaseScriptingObjects (0ms)
		CreateAndSetChildDomain (41ms)
	RebuildCommonClasses (30ms)
	RebuildNativeTypeToScriptingClass (10ms)
	initialDomainReloadingComplete (27ms)
	LoadAllAssembliesAndSetupDomain (185ms)
		LoadAssemblies (251ms)
		RebuildTransferFunctionScriptingTraits (0ms)
		AnalyzeDomain (13ms)
			TypeCache.Refresh (5ms)
				TypeCache.ScanAssembly (0ms)
			ScanForSourceGeneratedMonoScriptInfo (0ms)
			ResolveRequiredComponents (6ms)
	FinalizeReload (1069ms)
		ReleaseScriptCaches (0ms)
		RebuildScriptCaches (0ms)
		SetupLoadedEditorAssemblies (660ms)
			LogAssemblyErrors (0ms)
			InitializePlatformSupportModulesInManaged (22ms)
			SetLoadedEditorAssemblies (4ms)
			RefreshPlugins (0ms)
			BeforeProcessingInitializeOnLoad (58ms)
			ProcessInitializeOnLoadAttributes (544ms)
			ProcessInitializeOnLoadMethodAttributes (25ms)
			AfterProcessingInitializeOnLoad (6ms)
			EditorAssembliesLoaded (0ms)
		ExecutionOrderSort2 (0ms)
		AwakeInstancesAfterBackupRestoration (8ms)
Refreshing native plugins compatible for Editor in 2.76 ms, found 3 plugins.
Preloading 0 native plugins for Editor in 0.00 ms.
Unloading 3398 Unused Serialized files (Serialized files now loaded: 0)
Unloading 37 unused Assets / (1.8 MB). Loaded Objects now: 3960.
Memory consumption went from 187.3 MB to 185.5 MB.
Total: 4.339100 ms (FindLiveObjects: 0.232200 ms CreateObjectMapping: 0.104700 ms MarkObjects: 3.613900 ms  DeleteObjects: 0.386400 ms)

Prepare: number of updated asset objects reloaded= 0
AssetImportParameters requested are different than current active one (requested -> active):
  custom:container-demuxer-ogg: 62fdf1f143b41e24485cea50d1cbac27 -> 
  custom:scripting/monoscript/fileName/qwer.cs: f964b07dff5a9f91b9b8dcb5a2e153e6 -> 
  custom:video-codec-MediaFoundation-h265: 746d11721c4dcdbdad8f713fa42b33f4 -> 
  custom:video-decoder-ogg-theora: a1e56fd34408186e4bbccfd4996cb3dc -> 
  custom:framework-win-MediaFoundation: 216162199b28c13a410421893ffa2e32 -> 
  custom:CustomObjectIndexerAttribute: 9a22284fe3817be447336de3de66b15e -> 
  custom:container-demuxer-webm: 4f35f7cbe854078d1ac9338744f61a02 -> 
  custom:container-muxer-webm: aa71ff27fc2769a1b78a27578f13a17b -> 
  custom:video-decoder-webm-vp8: 9c59270c3fd7afecdb556c50c9e8de78 -> 
  custom:SearchIndexIgnoredProperties: e643bd26f0fe6173181afceb89e7c659 -> 
  custom:AudioImporter_EditorPlatform: d09bf68614088b80899f8185d706f6e7 -> 
  custom:video-encoder-webm-vp8: eb34c28f22e8b96e1ab97ce403110664 -> 
  custom:audio-decoder-ogg-vorbis: bf7c407c2cedff20999df2af8eb42d56 -> 
  custom:audio-encoder-webm-vorbis: bf7c407c2cedff20999df2af8eb42d56 -> 
========================================================================
Received Prepare
Begin MonoManager ReloadAssembly
- Loaded All Assemblies, in  0.379 seconds
Refreshing native plugins compatible for Editor in 2.76 ms, found 3 plugins.
Native extension for WindowsStandalone target not found
Native extension for Android target not found
[Package Manager] Server::EnsureServerProcessIsRunning -- launch failed, reason: Unity was launched with the -noUpm command-line argument
[Package Manager] UpmClient::Send -- Unable to send message (not connected to UPM process).
[Package Manager] Cannot connect to Unity Package Manager local server
Mono: successfully reloaded assembly
- Finished resetting the current domain, in  1.004 seconds
Domain Reload Profiling: 1382ms
	BeginReloadAssembly (139ms)
		ExecutionOrderSort (0ms)
		DisableScriptedObjects (5ms)
		BackupInstance (0ms)
		ReleaseScriptingObjects (0ms)
		CreateAndSetChildDomain (31ms)
	RebuildCommonClasses (28ms)
	RebuildNativeTypeToScriptingClass (10ms)
	initialDomainReloadingComplete (24ms)
	LoadAllAssembliesAndSetupDomain (175ms)
		LoadAssemblies (233ms)
		RebuildTransferFunctionScriptingTraits (0ms)
		AnalyzeDomain (16ms)
			TypeCache.Refresh (7ms)
				TypeCache.ScanAssembly (0ms)
			ScanForSourceGeneratedMonoScriptInfo (0ms)
			ResolveRequiredComponents (7ms)
	FinalizeReload (1005ms)
		ReleaseScriptCaches (0ms)
		RebuildScriptCaches (0ms)
		SetupLoadedEditorAssemblies (634ms)
			LogAssemblyErrors (0ms)
			InitializePlatformSupportModulesInManaged (23ms)
			SetLoadedEditorAssemblies (5ms)
			RefreshPlugins (0ms)
			BeforeProcessingInitializeOnLoad (58ms)
			ProcessInitializeOnLoadAttributes (520ms)
			ProcessInitializeOnLoadMethodAttributes (24ms)
			AfterProcessingInitializeOnLoad (5ms)
			EditorAssembliesLoaded (0ms)
		ExecutionOrderSort2 (0ms)
		AwakeInstancesAfterBackupRestoration (7ms)
Refreshing native plugins compatible for Editor in 3.78 ms, found 3 plugins.
Preloading 0 native plugins for Editor in 0.00 ms.
Unloading 3399 Unused Serialized files (Serialized files now loaded: 0)
Unloading 37 unused Assets / (1.8 MB). Loaded Objects now: 3975.
Memory consumption went from 187.6 MB to 185.8 MB.
Total: 4.549800 ms (FindLiveObjects: 0.252800 ms CreateObjectMapping: 0.114200 ms MarkObjects: 3.900400 ms  DeleteObjects: 0.281000 ms)

Prepare: number of updated asset objects reloaded= 0
AssetImportParameters requested are different than current active one (requested -> active):
  custom:container-demuxer-ogg: 62fdf1f143b41e24485cea50d1cbac27 -> 
  custom:scripting/monoscript/fileName/qwer.cs: f964b07dff5a9f91b9b8dcb5a2e153e6 -> 
  custom:video-codec-MediaFoundation-h265: 746d11721c4dcdbdad8f713fa42b33f4 -> 
  custom:video-decoder-ogg-theora: a1e56fd34408186e4bbccfd4996cb3dc -> 
  custom:framework-win-MediaFoundation: 216162199b28c13a410421893ffa2e32 -> 
  custom:CustomObjectIndexerAttribute: 9a22284fe3817be447336de3de66b15e -> 
  custom:container-demuxer-webm: 4f35f7cbe854078d1ac9338744f61a02 -> 
  custom:container-muxer-webm: aa71ff27fc2769a1b78a27578f13a17b -> 
  custom:video-decoder-webm-vp8: 9c59270c3fd7afecdb556c50c9e8de78 -> 
  custom:SearchIndexIgnoredProperties: e643bd26f0fe6173181afceb89e7c659 -> 
  custom:AudioImporter_EditorPlatform: d09bf68614088b80899f8185d706f6e7 -> 
  custom:video-encoder-webm-vp8: eb34c28f22e8b96e1ab97ce403110664 -> 
  custom:audio-decoder-ogg-vorbis: bf7c407c2cedff20999df2af8eb42d56 -> 
  custom:audio-encoder-webm-vorbis: bf7c407c2cedff20999df2af8eb42d56 -> 
========================================================================
Received Import Request.
  Time since last request: 1171.350843 seconds.
  path: Assets/SBPrototypeEnvironment_SRP/Prefabs/PlayerControllerFPS.prefab
  artifactKey: Guid(573ac53c334415945bf239de2c2f0511) Importer(815301076,1909f56bfc062723c751e8b465ee728b)
Start importing Assets/SBPrototypeEnvironment_SRP/Prefabs/PlayerControllerFPS.prefab using Guid(573ac53c334415945bf239de2c2f0511) Importer(815301076,1909f56bfc062723c751e8b465ee728b) [PhysX] Initialized MultithreadedTaskDispatcher with 24 workers.
 -> (artifact id: '85ba8a35c5e31713b070acf50ce9171f') in 0.037962 seconds
Number of updated asset objects reloaded before import = 0
Number of asset objects unloaded after import = 14
========================================================================
Received Import Request.
  Time since last request: 1.510748 seconds.
  path: Assets/SBPrototypeEnvironment_SRP/Prefabs/Kits/Kit_Catwalk_2Way.prefab
  artifactKey: Guid(b3b212b8d0b590046b96294e76c059a9) Importer(815301076,1909f56bfc062723c751e8b465ee728b)
Start importing Assets/SBPrototypeEnvironment_SRP/Prefabs/Kits/Kit_Catwalk_2Way.prefab using Guid(b3b212b8d0b590046b96294e76c059a9) Importer(815301076,1909f56bfc062723c751e8b465ee728b) [PhysX] Initialized MultithreadedTaskDispatcher with 24 workers.
[PhysX] Initialized MultithreadedTaskDispatcher with 24 workers.
 -> (artifact id: 'e911fcad62381e8ce7a41c7d25e74ae6') in 0.137830 seconds
Number of updated asset objects reloaded before import = 0
Number of asset objects unloaded after import = 11
========================================================================
Received Import Request.
  Time since last request: 0.000027 seconds.
  path: Assets/SBPrototypeEnvironment_SRP/Prefabs/Kits/Kit_Catwalk_3Way.prefab
  artifactKey: Guid(38cdfc1885fde9447bceac73fd1ad74e) Importer(815301076,1909f56bfc062723c751e8b465ee728b)
Start importing Assets/SBPrototypeEnvironment_SRP/Prefabs/Kits/Kit_Catwalk_3Way.prefab using Guid(38cdfc1885fde9447bceac73fd1ad74e) Importer(815301076,1909f56bfc062723c751e8b465ee728b) [PhysX] Initialized MultithreadedTaskDispatcher with 24 workers.
[PhysX] Initialized MultithreadedTaskDispatcher with 24 workers.
 -> (artifact id: '19be5b5a0141f99b6730f10cbb7ac7b8') in 0.031551 seconds
Number of updated asset objects reloaded before import = 0
Number of asset objects unloaded after import = 12
========================================================================
Received Import Request.
  Time since last request: 0.000032 seconds.
  path: Assets/SBPrototypeEnvironment_SRP/Prefabs/Kits/Kit_Catwalk_2WayHalf.prefab
  artifactKey: Guid(a1d825c39963ddc4db852864983fba15) Importer(815301076,1909f56bfc062723c751e8b465ee728b)
Start importing Assets/SBPrototypeEnvironment_SRP/Prefabs/Kits/Kit_Catwalk_2WayHalf.prefab using Guid(a1d825c39963ddc4db852864983fba15) Importer(815301076,1909f56bfc062723c751e8b465ee728b) [PhysX] Initialized MultithreadedTaskDispatcher with 24 workers.
[PhysX] Initialized MultithreadedTaskDispatcher with 24 workers.
 -> (artifact id: '9165ad035757d4ba41efda6ee1200945') in 0.030305 seconds
Number of updated asset objects reloaded before import = 0
Number of asset objects unloaded after import = 11
========================================================================
Received Import Request.
  Time since last request: 0.000020 seconds.
  path: Assets/SBPrototypeEnvironment_SRP/Prefabs/Kits/Kit_Electr_Wire2WayCrnr2.prefab
  artifactKey: Guid(ce84df03b9ff0ff4190c8212f0b69f22) Importer(815301076,1909f56bfc062723c751e8b465ee728b)
Start importing Assets/SBPrototypeEnvironment_SRP/Prefabs/Kits/Kit_Electr_Wire2WayCrnr2.prefab using Guid(ce84df03b9ff0ff4190c8212f0b69f22) Importer(815301076,1909f56bfc062723c751e8b465ee728b) [PhysX] Initialized MultithreadedTaskDispatcher with 24 workers.
[PhysX] Initialized MultithreadedTaskDispatcher with 24 workers.
 -> (artifact id: '03053f689e79221fd22a1c418bde2775') in 0.028994 seconds
Number of updated asset objects reloaded before import = 0
Number of asset objects unloaded after import = 11
========================================================================
Received Import Request.
  Time since last request: 0.000026 seconds.
  path: Assets/SBPrototypeEnvironment_SRP/Prefabs/Kits/Kit_Electr_BoxVar2.prefab
  artifactKey: Guid(62c267a8661518f439b4a6b399105b6d) Importer(815301076,1909f56bfc062723c751e8b465ee728b)
Start importing Assets/SBPrototypeEnvironment_SRP/Prefabs/Kits/Kit_Electr_BoxVar2.prefab using Guid(62c267a8661518f439b4a6b399105b6d) Importer(815301076,1909f56bfc062723c751e8b465ee728b) [PhysX] Initialized MultithreadedTaskDispatcher with 24 workers.
[PhysX] Initialized MultithreadedTaskDispatcher with 24 workers.
 -> (artifact id: '87493bc5d533f436d95687d0ebdfd020') in 0.028799 seconds
Number of updated asset objects reloaded before import = 0
Number of asset objects unloaded after import = 11
========================================================================
Received Import Request.
  Time since last request: 0.000018 seconds.
  path: Assets/SBPrototypeEnvironment_SRP/Prefabs/Kits/Kit_Electr_Wire3Way.prefab
  artifactKey: Guid(803d85f16d69e7545ab8165fa91e50c1) Importer(815301076,1909f56bfc062723c751e8b465ee728b)
Start importing Assets/SBPrototypeEnvironment_SRP/Prefabs/Kits/Kit_Electr_Wire3Way.prefab using Guid(803d85f16d69e7545ab8165fa91e50c1) Importer(815301076,1909f56bfc062723c751e8b465ee728b) [PhysX] Initialized MultithreadedTaskDispatcher with 24 workers.
[PhysX] Initialized MultithreadedTaskDispatcher with 24 workers.
 -> (artifact id: '4b805800e4d1e01115f0555f90b09fc2') in 0.028730 seconds
Number of updated asset objects reloaded before import = 0
Number of asset objects unloaded after import = 11
========================================================================
Received Import Request.
  Time since last request: 0.000059 seconds.
  path: Assets/SBPrototypeEnvironment_SRP/Prefabs/Kits/Kit_Electr_WireBase1.prefab
  artifactKey: Guid(956d035a116af5943af810e0ffa5d5d4) Importer(815301076,1909f56bfc062723c751e8b465ee728b)
Start importing Assets/SBPrototypeEnvironment_SRP/Prefabs/Kits/Kit_Electr_WireBase1.prefab using Guid(956d035a116af5943af810e0ffa5d5d4) Importer(815301076,1909f56bfc062723c751e8b465ee728b) [PhysX] Initialized MultithreadedTaskDispatcher with 24 workers.
[PhysX] Initialized MultithreadedTaskDispatcher with 24 workers.
 -> (artifact id: '849fd1ff61977ed79f38074d0a83eb81') in 0.029334 seconds
Number of updated asset objects reloaded before import = 0
Number of asset objects unloaded after import = 11
========================================================================
Received Import Request.
  Time since last request: 0.000022 seconds.
  path: Assets/SBPrototypeEnvironment_SRP/Prefabs/Kits/Kit_Catwalk_2WaySlopeVar1.prefab
  artifactKey: Guid(08bd86eecd979864abd44cbb6c047612) Importer(815301076,1909f56bfc062723c751e8b465ee728b)
Start importing Assets/SBPrototypeEnvironment_SRP/Prefabs/Kits/Kit_Catwalk_2WaySlopeVar1.prefab using Guid(08bd86eecd979864abd44cbb6c047612) Importer(815301076,1909f56bfc062723c751e8b465ee728b) [PhysX] Initialized MultithreadedTaskDispatcher with 24 workers.
[PhysX] Initialized MultithreadedTaskDispatcher with 24 workers.
 -> (artifact id: 'b8bd7412c25841c46cb8888267aec0a6') in 0.028755 seconds
Number of updated asset objects reloaded before import = 0
Number of asset objects unloaded after import = 11
========================================================================
Received Import Request.
  Time since last request: 4.483083 seconds.
  path: Assets/SBPrototypeEnvironment_SRP/Prefabs/Cliff/Env_Cliff3.prefab
  artifactKey: Guid(240ad5d817afb2d4188ed2940b9baf89) Importer(815301076,1909f56bfc062723c751e8b465ee728b)
Start importing Assets/SBPrototypeEnvironment_SRP/Prefabs/Cliff/Env_Cliff3.prefab using Guid(240ad5d817afb2d4188ed2940b9baf89) Importer(815301076,1909f56bfc062723c751e8b465ee728b) [PhysX] Initialized MultithreadedTaskDispatcher with 24 workers.
[PhysX] Initialized MultithreadedTaskDispatcher with 24 workers.
 -> (artifact id: '392402a1d3cb73798cac9eeaec87aac7') in 0.085368 seconds
Number of updated asset objects reloaded before import = 0
Number of asset objects unloaded after import = 21
========================================================================
Received Import Request.
  Time since last request: 3.169217 seconds.
  path: Assets/SBPrototypeEnvironment_SRP/Prefabs/Flora/Flora_Tree3.prefab
  artifactKey: Guid(642edf1c5e55ed3458bbe941b30fcac6) Importer(815301076,1909f56bfc062723c751e8b465ee728b)
Start importing Assets/SBPrototypeEnvironment_SRP/Prefabs/Flora/Flora_Tree3.prefab using Guid(642edf1c5e55ed3458bbe941b30fcac6) Importer(815301076,1909f56bfc062723c751e8b465ee728b) [PhysX] Initialized MultithreadedTaskDispatcher with 24 workers.
[PhysX] Initialized MultithreadedTaskDispatcher with 24 workers.
 -> (artifact id: '346a5207c1cc4e7434ee1f726fd520d8') in 0.329710 seconds
Number of updated asset objects reloaded before import = 0
Number of asset objects unloaded after import = 19
========================================================================
Received Import Request.
  Time since last request: 0.000023 seconds.
  path: Assets/SBPrototypeEnvironment_SRP/Prefabs/Flora/FloraSml_Cactus3.prefab
  artifactKey: Guid(a6e539c0d00091c46a9039ae3629ceb2) Importer(815301076,1909f56bfc062723c751e8b465ee728b)
Start importing Assets/SBPrototypeEnvironment_SRP/Prefabs/Flora/FloraSml_Cactus3.prefab using Guid(a6e539c0d00091c46a9039ae3629ceb2) Importer(815301076,1909f56bfc062723c751e8b465ee728b) [PhysX] Initialized MultithreadedTaskDispatcher with 24 workers.
[PhysX] Initialized MultithreadedTaskDispatcher with 24 workers.
 -> (artifact id: 'b67862c5e6aa3866353eac8624179c0c') in 0.045985 seconds
Number of updated asset objects reloaded before import = 0
Number of asset objects unloaded after import = 17
========================================================================
Received Import Request.
  Time since last request: 0.000034 seconds.
  path: Assets/SBPrototypeEnvironment_SRP/Prefabs/Flora/Flora_TreeB5.prefab
  artifactKey: Guid(be2058835694e83479a35586c8a63947) Importer(815301076,1909f56bfc062723c751e8b465ee728b)
Start importing Assets/SBPrototypeEnvironment_SRP/Prefabs/Flora/Flora_TreeB5.prefab using Guid(be2058835694e83479a35586c8a63947) Importer(815301076,1909f56bfc062723c751e8b465ee728b) [PhysX] Initialized MultithreadedTaskDispatcher with 24 workers.
[PhysX] Initialized MultithreadedTaskDispatcher with 24 workers.
 -> (artifact id: 'be1f4f687c26e34bdf5282f70a78aa14') in 0.029624 seconds
Number of updated asset objects reloaded before import = 0
Number of asset objects unloaded after import = 19
========================================================================
Received Import Request.
  Time since last request: 2.772490 seconds.
  path: Assets/SBPrototypeEnvironment_SRP/Prefabs/Flora/FloraSml_Grass1.prefab
  artifactKey: Guid(1990af13930266540998231d64facc1f) Importer(815301076,1909f56bfc062723c751e8b465ee728b)
Start importing Assets/SBPrototypeEnvironment_SRP/Prefabs/Flora/FloraSml_Grass1.prefab using Guid(1990af13930266540998231d64facc1f) Importer(815301076,1909f56bfc062723c751e8b465ee728b) [PhysX] Initialized MultithreadedTaskDispatcher with 24 workers.
[PhysX] Initialized MultithreadedTaskDispatcher with 24 workers.
 -> (artifact id: '595927722bc60dc91a4355c0f095a77d') in 0.063914 seconds
Number of updated asset objects reloaded before import = 0
Number of asset objects unloaded after import = 9
========================================================================
Received Import Request.
  Time since last request: 0.014218 seconds.
  path: Assets/SBPrototypeEnvironment_SRP/Prefabs/Flora/FloraSml_Grass4.prefab
  artifactKey: Guid(d0de7ee3f774f2d44846cbc2c0be780e) Importer(815301076,1909f56bfc062723c751e8b465ee728b)
Start importing Assets/SBPrototypeEnvironment_SRP/Prefabs/Flora/FloraSml_Grass4.prefab using Guid(d0de7ee3f774f2d44846cbc2c0be780e) Importer(815301076,1909f56bfc062723c751e8b465ee728b) [PhysX] Initialized MultithreadedTaskDispatcher with 24 workers.
[PhysX] Initialized MultithreadedTaskDispatcher with 24 workers.
 -> (artifact id: '87336b96ff26786a405e4e3d33cc4527') in 0.022752 seconds
Number of updated asset objects reloaded before import = 0
Number of asset objects unloaded after import = 9
========================================================================
Received Import Request.
  Time since last request: 15.144858 seconds.
  path: Assets/SBPrototypeEnvironment_SRP/Prefabs/Kits/Kit_Light_LongVar1.prefab
  artifactKey: Guid(f81eba478d1312f48a9d5b61ad5b7af8) Importer(815301076,1909f56bfc062723c751e8b465ee728b)
Start importing Assets/SBPrototypeEnvironment_SRP/Prefabs/Kits/Kit_Light_LongVar1.prefab using Guid(f81eba478d1312f48a9d5b61ad5b7af8) Importer(815301076,1909f56bfc062723c751e8b465ee728b) [PhysX] Initialized MultithreadedTaskDispatcher with 24 workers.
[PhysX] Initialized MultithreadedTaskDispatcher with 24 workers.
 -> (artifact id: 'ea04ac23902159145a309acbe9c0bf86') in 0.038772 seconds
Number of updated asset objects reloaded before import = 0
Number of asset objects unloaded after import = 11
========================================================================
Received Import Request.
  Time since last request: 0.525227 seconds.
  path: Assets/SBPrototypeEnvironment_SRP/Prefabs/Props/Clutter_Bowl2.prefab
  artifactKey: Guid(bef0d15200a52e249ae461f4852ad0f3) Importer(815301076,1909f56bfc062723c751e8b465ee728b)
Start importing Assets/SBPrototypeEnvironment_SRP/Prefabs/Props/Clutter_Bowl2.prefab using Guid(bef0d15200a52e249ae461f4852ad0f3) Importer(815301076,1909f56bfc062723c751e8b465ee728b) [PhysX] Initialized MultithreadedTaskDispatcher with 24 workers.
[PhysX] Initialized MultithreadedTaskDispatcher with 24 workers.
 -> (artifact id: 'e96745109679d946d9fff42fb5a7dd22') in 0.100025 seconds
Number of updated asset objects reloaded before import = 0
Number of asset objects unloaded after import = 11
========================================================================
Received Import Request.
  Time since last request: 0.000033 seconds.
  path: Assets/SBPrototypeEnvironment_SRP/Prefabs/Props/Clutter_CardBox1.prefab
  artifactKey: Guid(6678bcfd30ad9de4da4f8ff4c4b8b6c7) Importer(815301076,1909f56bfc062723c751e8b465ee728b)
Start importing Assets/SBPrototypeEnvironment_SRP/Prefabs/Props/Clutter_CardBox1.prefab using Guid(6678bcfd30ad9de4da4f8ff4c4b8b6c7) Importer(815301076,1909f56bfc062723c751e8b465ee728b) [PhysX] Initialized MultithreadedTaskDispatcher with 24 workers.
[PhysX] Initialized MultithreadedTaskDispatcher with 24 workers.
 -> (artifact id: '1eef67f0d5fbb0ac4ecb305f56a337c8') in 0.049676 seconds
Number of updated asset objects reloaded before import = 0
Number of asset objects unloaded after import = 11
========================================================================
Received Import Request.
  Time since last request: 0.000027 seconds.
  path: Assets/SBPrototypeEnvironment_SRP/Prefabs/Props/Clutter_HangOrn.prefab
  artifactKey: Guid(5200b4583ab2bce4dab000eaf8b1eb75) Importer(815301076,1909f56bfc062723c751e8b465ee728b)
Start importing Assets/SBPrototypeEnvironment_SRP/Prefabs/Props/Clutter_HangOrn.prefab using Guid(5200b4583ab2bce4dab000eaf8b1eb75) Importer(815301076,1909f56bfc062723c751e8b465ee728b) [PhysX] Initialized MultithreadedTaskDispatcher with 24 workers.
[PhysX] Initialized MultithreadedTaskDispatcher with 24 workers.
 -> (artifact id: 'a54fb05b8931cf9070bb889e52415cd1') in 0.034413 seconds
Number of updated asset objects reloaded before import = 0
Number of asset objects unloaded after import = 10
========================================================================
Received Import Request.
  Time since last request: 0.372852 seconds.
  path: Assets/SBPrototypeEnvironment_SRP/Prefabs/Props/Clutter_WoodPiece1.prefab
  artifactKey: Guid(67c5869e8afceed4983dd56d4302edb9) Importer(815301076,1909f56bfc062723c751e8b465ee728b)
Start importing Assets/SBPrototypeEnvironment_SRP/Prefabs/Props/Clutter_WoodPiece1.prefab using Guid(67c5869e8afceed4983dd56d4302edb9) Importer(815301076,1909f56bfc062723c751e8b465ee728b) [PhysX] Initialized MultithreadedTaskDispatcher with 24 workers.
[PhysX] Initialized MultithreadedTaskDispatcher with 24 workers.
 -> (artifact id: 'dec0fa73191a576e28f0a0457df8e4f1') in 0.035996 seconds
Number of updated asset objects reloaded before import = 0
Number of asset objects unloaded after import = 11
========================================================================
Received Import Request.
  Time since last request: 0.042539 seconds.
  path: Assets/SBPrototypeEnvironment_SRP/Prefabs/Props/Clutter_WoodPile1.prefab
  artifactKey: Guid(ba18fc8d0e1918140bd26254820f6fa9) Importer(815301076,1909f56bfc062723c751e8b465ee728b)
Start importing Assets/SBPrototypeEnvironment_SRP/Prefabs/Props/Clutter_WoodPile1.prefab using Guid(ba18fc8d0e1918140bd26254820f6fa9) Importer(815301076,1909f56bfc062723c751e8b465ee728b) [PhysX] Initialized MultithreadedTaskDispatcher with 24 workers.
[PhysX] Initialized MultithreadedTaskDispatcher with 24 workers.
 -> (artifact id: 'f3dec74b0834847181c08e26b1696a39') in 0.027859 seconds
Number of updated asset objects reloaded before import = 0
Number of asset objects unloaded after import = 11
========================================================================
Received Import Request.
  Time since last request: 0.422429 seconds.
  path: Assets/SBPrototypeEnvironment_SRP/Prefabs/Props/Clutter_WoodPlank2.prefab
  artifactKey: Guid(1f0ddd7df22fa9043a22c9eb49af621e) Importer(815301076,1909f56bfc062723c751e8b465ee728b)
Start importing Assets/SBPrototypeEnvironment_SRP/Prefabs/Props/Clutter_WoodPlank2.prefab using Guid(1f0ddd7df22fa9043a22c9eb49af621e) Importer(815301076,1909f56bfc062723c751e8b465ee728b) [PhysX] Initialized MultithreadedTaskDispatcher with 24 workers.
[PhysX] Initialized MultithreadedTaskDispatcher with 24 workers.
 -> (artifact id: '8ba47a95b361f33bd5d267caf9d4c98d') in 0.034387 seconds
Number of updated asset objects reloaded before import = 0
Number of asset objects unloaded after import = 11
========================================================================
Received Import Request.
  Time since last request: 0.027489 seconds.
  path: Assets/SBPrototypeEnvironment_SRP/Prefabs/Props/Prop_DecoFenceLVar2.prefab
  artifactKey: Guid(a79cf48e36a13214a97ab4f4299334dc) Importer(815301076,1909f56bfc062723c751e8b465ee728b)
Start importing Assets/SBPrototypeEnvironment_SRP/Prefabs/Props/Prop_DecoFenceLVar2.prefab using Guid(a79cf48e36a13214a97ab4f4299334dc) Importer(815301076,1909f56bfc062723c751e8b465ee728b) [PhysX] Initialized MultithreadedTaskDispatcher with 24 workers.
[PhysX] Initialized MultithreadedTaskDispatcher with 24 workers.
 -> (artifact id: '6ed476cc5cf3ec1c4bc1d15a2f633231') in 0.058460 seconds
Number of updated asset objects reloaded before import = 0
Number of asset objects unloaded after import = 11
========================================================================
Received Import Request.
  Time since last request: 0.390245 seconds.
  path: Assets/SBPrototypeEnvironment_SRP/Prefabs/Props/Prop_DecoFenceSVar2.prefab
  artifactKey: Guid(f63d7e5fa25c52e4b86e905d4e959907) Importer(815301076,1909f56bfc062723c751e8b465ee728b)
Start importing Assets/SBPrototypeEnvironment_SRP/Prefabs/Props/Prop_DecoFenceSVar2.prefab using Guid(f63d7e5fa25c52e4b86e905d4e959907) Importer(815301076,1909f56bfc062723c751e8b465ee728b) [PhysX] Initialized MultithreadedTaskDispatcher with 24 workers.
[PhysX] Initialized MultithreadedTaskDispatcher with 24 workers.
 -> (artifact id: 'ca910e623d8a9dd1fa25f2c65e84660b') in 0.027252 seconds
Number of updated asset objects reloaded before import = 0
Number of asset objects unloaded after import = 11
========================================================================
Received Import Request.
  Time since last request: 0.037026 seconds.
  path: Assets/SBPrototypeEnvironment_SRP/Prefabs/Props/Prop_TableHangLVar1.prefab
  artifactKey: Guid(5983664ae692a3a4ab24bb08fac58e5d) Importer(815301076,1909f56bfc062723c751e8b465ee728b)
Start importing Assets/SBPrototypeEnvironment_SRP/Prefabs/Props/Prop_TableHangLVar1.prefab using Guid(5983664ae692a3a4ab24bb08fac58e5d) Importer(815301076,1909f56bfc062723c751e8b465ee728b) [PhysX] Initialized MultithreadedTaskDispatcher with 24 workers.
[PhysX] Initialized MultithreadedTaskDispatcher with 24 workers.
 -> (artifact id: 'f86a244db16b03519053494925aefd20') in 0.026313 seconds
Number of updated asset objects reloaded before import = 0
Number of asset objects unloaded after import = 11
========================================================================
Received Import Request.
  Time since last request: 0.671878 seconds.
  path: Assets/SBPrototypeEnvironment_SRP/Prefabs/Props/Prop_TableHangMVar2.prefab
  artifactKey: Guid(f5529d8fc37b69b4c8fb41d6115e1357) Importer(815301076,1909f56bfc062723c751e8b465ee728b)
Start importing Assets/SBPrototypeEnvironment_SRP/Prefabs/Props/Prop_TableHangMVar2.prefab using Guid(f5529d8fc37b69b4c8fb41d6115e1357) Importer(815301076,1909f56bfc062723c751e8b465ee728b) [PhysX] Initialized MultithreadedTaskDispatcher with 24 workers.
[PhysX] Initialized MultithreadedTaskDispatcher with 24 workers.
 -> (artifact id: '798c0545692e0afa5b1ea713cfacc58d') in 0.035028 seconds
Number of updated asset objects reloaded before import = 0
Number of asset objects unloaded after import = 11
========================================================================
Received Import Request.
  Time since last request: 0.001185 seconds.
  path: Assets/SBPrototypeEnvironment_SRP/Prefabs/Props/Prop_WoodBarrel.prefab
  artifactKey: Guid(9f7eb3b5dc4d9c749aa169d7cc389571) Importer(815301076,1909f56bfc062723c751e8b465ee728b)
Start importing Assets/SBPrototypeEnvironment_SRP/Prefabs/Props/Prop_WoodBarrel.prefab using Guid(9f7eb3b5dc4d9c749aa169d7cc389571) Importer(815301076,1909f56bfc062723c751e8b465ee728b) [PhysX] Initialized MultithreadedTaskDispatcher with 24 workers.
[PhysX] Initialized MultithreadedTaskDispatcher with 24 workers.
 -> (artifact id: '239a40fd229c533943176bc116aee748') in 0.028962 seconds
Number of updated asset objects reloaded before import = 0
Number of asset objects unloaded after import = 11
========================================================================
Received Import Request.
  Time since last request: 0.010141 seconds.
  path: Assets/SBPrototypeEnvironment_SRP/Prefabs/Props/Prop_WoodCrateVar1.prefab
  artifactKey: Guid(7748a62fb02e1cd4fbca0d4d2a1c6834) Importer(815301076,1909f56bfc062723c751e8b465ee728b)
Start importing Assets/SBPrototypeEnvironment_SRP/Prefabs/Props/Prop_WoodCrateVar1.prefab using Guid(7748a62fb02e1cd4fbca0d4d2a1c6834) Importer(815301076,1909f56bfc062723c751e8b465ee728b) [PhysX] Initialized MultithreadedTaskDispatcher with 24 workers.
[PhysX] Initialized MultithreadedTaskDispatcher with 24 workers.
 -> (artifact id: '7be55c8b3c48db5ddf9536cbecb46817') in 0.027983 seconds
Number of updated asset objects reloaded before import = 0
Number of asset objects unloaded after import = 11
========================================================================
Received Import Request.
  Time since last request: 2.003013 seconds.
  path: Assets/SBPrototypeEnvironment_SRP/Prefabs/Rock/Env_RockSml2.prefab
  artifactKey: Guid(3e9afb2b84f0f3245943b991e51178c1) Importer(815301076,1909f56bfc062723c751e8b465ee728b)
Start importing Assets/SBPrototypeEnvironment_SRP/Prefabs/Rock/Env_RockSml2.prefab using Guid(3e9afb2b84f0f3245943b991e51178c1) Importer(815301076,1909f56bfc062723c751e8b465ee728b) [PhysX] Initialized MultithreadedTaskDispatcher with 24 workers.
[PhysX] Initialized MultithreadedTaskDispatcher with 24 workers.
 -> (artifact id: '8947f4af2de95ba10e1e75bbc49a3dc2') in 0.047347 seconds
Number of updated asset objects reloaded before import = 0
Number of asset objects unloaded after import = 17
========================================================================
Received Import Request.
  Time since last request: 1.578947 seconds.
  path: Assets/SBPrototypeEnvironment_SRP/Prefabs/Rock/NoLOD/Env_Rock_9.prefab
  artifactKey: Guid(2592b523b06db59488635ce898fe8091) Importer(815301076,1909f56bfc062723c751e8b465ee728b)
Start importing Assets/SBPrototypeEnvironment_SRP/Prefabs/Rock/NoLOD/Env_Rock_9.prefab using Guid(2592b523b06db59488635ce898fe8091) Importer(815301076,1909f56bfc062723c751e8b465ee728b) [PhysX] Initialized MultithreadedTaskDispatcher with 24 workers.
[PhysX] Initialized MultithreadedTaskDispatcher with 24 workers.
 -> (artifact id: 'f33e46d95571f2cad4fce94bc4f226c1') in 0.026876 seconds
Number of updated asset objects reloaded before import = 0
Number of asset objects unloaded after import = 13
========================================================================
Received Import Request.
  Time since last request: 0.003181 seconds.
  path: Assets/SBPrototypeEnvironment_SRP/Prefabs/Rock/NoLOD/Env_RockSml_4.prefab
  artifactKey: Guid(f96412bb0067763468b6428715a7a82b) Importer(815301076,1909f56bfc062723c751e8b465ee728b)
Start importing Assets/SBPrototypeEnvironment_SRP/Prefabs/Rock/NoLOD/Env_RockSml_4.prefab using Guid(f96412bb0067763468b6428715a7a82b) Importer(815301076,1909f56bfc062723c751e8b465ee728b) [PhysX] Initialized MultithreadedTaskDispatcher with 24 workers.
[PhysX] Initialized MultithreadedTaskDispatcher with 24 workers.
 -> (artifact id: 'ec2246af339d801688451a9830e4de6c') in 0.021206 seconds
Number of updated asset objects reloaded before import = 0
Number of asset objects unloaded after import = 9
========================================================================
Received Import Request.
  Time since last request: 0.001789 seconds.
  path: Assets/SBPrototypeEnvironment_SRP/Prefabs/Rock/NoLOD/Env_RockSml_8.prefab
  artifactKey: Guid(eba65a59ec67b7e4488e5aaf857cf764) Importer(815301076,1909f56bfc062723c751e8b465ee728b)
Start importing Assets/SBPrototypeEnvironment_SRP/Prefabs/Rock/NoLOD/Env_RockSml_8.prefab using Guid(eba65a59ec67b7e4488e5aaf857cf764) Importer(815301076,1909f56bfc062723c751e8b465ee728b) [PhysX] Initialized MultithreadedTaskDispatcher with 24 workers.
[PhysX] Initialized MultithreadedTaskDispatcher with 24 workers.
 -> (artifact id: '40fa701411d817375e032b475eebb4e6') in 0.021824 seconds
Number of updated asset objects reloaded before import = 0
Number of asset objects unloaded after import = 9
========================================================================
Received Import Request.
  Time since last request: 1.888624 seconds.
  path: Assets/SBPrototypeEnvironment_SRP/Prefabs/Architecture/Arch_AddPavementBaseVar3.prefab
  artifactKey: Guid(0a72354c428c6744487acfcf141b39d3) Importer(815301076,1909f56bfc062723c751e8b465ee728b)
Start importing Assets/SBPrototypeEnvironment_SRP/Prefabs/Architecture/Arch_AddPavementBaseVar3.prefab using Guid(0a72354c428c6744487acfcf141b39d3) Importer(815301076,1909f56bfc062723c751e8b465ee728b) [PhysX] Initialized MultithreadedTaskDispatcher with 24 workers.
[PhysX] Initialized MultithreadedTaskDispatcher with 24 workers.
 -> (artifact id: 'fa4f4be1a1ef321068586f1814189954') in 0.274813 seconds
Number of updated asset objects reloaded before import = 0
Number of asset objects unloaded after import = 14
========================================================================
Received Import Request.
  Time since last request: 0.000037 seconds.
  path: Assets/SBPrototypeEnvironment_SRP/Prefabs/Architecture/Arch_AddPavementCrnrDVar2.prefab
  artifactKey: Guid(fc0079dcadc931b48aace23c15a42447) Importer(815301076,1909f56bfc062723c751e8b465ee728b)
Start importing Assets/SBPrototypeEnvironment_SRP/Prefabs/Architecture/Arch_AddPavementCrnrDVar2.prefab using Guid(fc0079dcadc931b48aace23c15a42447) Importer(815301076,1909f56bfc062723c751e8b465ee728b) [PhysX] Initialized MultithreadedTaskDispatcher with 24 workers.
[PhysX] Initialized MultithreadedTaskDispatcher with 24 workers.
 -> (artifact id: '1a33f554ed98e5123e58f3ee2e1f9bfb') in 0.063344 seconds
Number of updated asset objects reloaded before import = 0
Number of asset objects unloaded after import = 14
========================================================================
Received Import Request.
  Time since last request: 0.000026 seconds.
  path: Assets/SBPrototypeEnvironment_SRP/Prefabs/Architecture/Arch_AddPavementCrnrBVar2.prefab
  artifactKey: Guid(6316c7025ded1ff4db650e48deb5e685) Importer(815301076,1909f56bfc062723c751e8b465ee728b)
Start importing Assets/SBPrototypeEnvironment_SRP/Prefabs/Architecture/Arch_AddPavementCrnrBVar2.prefab using Guid(6316c7025ded1ff4db650e48deb5e685) Importer(815301076,1909f56bfc062723c751e8b465ee728b) [PhysX] Initialized MultithreadedTaskDispatcher with 24 workers.
[PhysX] Initialized MultithreadedTaskDispatcher with 24 workers.
 -> (artifact id: 'a9efa9439d22cadca82db34045037f5b') in 0.091189 seconds
Number of updated asset objects reloaded before import = 0
Number of asset objects unloaded after import = 14
========================================================================
Received Import Request.
  Time since last request: 0.588904 seconds.
  path: Assets/SBPrototypeEnvironment_SRP/Prefabs/Architecture/Arch_AddRoofSide.prefab
  artifactKey: Guid(c8413fc9d08540d4088b9046b860346a) Importer(815301076,1909f56bfc062723c751e8b465ee728b)
Start importing Assets/SBPrototypeEnvironment_SRP/Prefabs/Architecture/Arch_AddRoofSide.prefab using Guid(c8413fc9d08540d4088b9046b860346a) Importer(815301076,1909f56bfc062723c751e8b465ee728b) [PhysX] Initialized MultithreadedTaskDispatcher with 24 workers.
[PhysX] Initialized MultithreadedTaskDispatcher with 24 workers.
 -> (artifact id: 'd1f7b4fd6ad41b96553f12efc959eec4') in 0.039788 seconds
Number of updated asset objects reloaded before import = 0
Number of asset objects unloaded after import = 14
========================================================================
Received Import Request.
  Time since last request: 0.005595 seconds.
  path: Assets/SBPrototypeEnvironment_SRP/Prefabs/Architecture/Arch_AddSlabBaseVar1.prefab
  artifactKey: Guid(3b6840c2136534c4aa20c74145ff90ff) Importer(815301076,1909f56bfc062723c751e8b465ee728b)
Start importing Assets/SBPrototypeEnvironment_SRP/Prefabs/Architecture/Arch_AddSlabBaseVar1.prefab using Guid(3b6840c2136534c4aa20c74145ff90ff) Importer(815301076,1909f56bfc062723c751e8b465ee728b) [PhysX] Initialized MultithreadedTaskDispatcher with 24 workers.
[PhysX] Initialized MultithreadedTaskDispatcher with 24 workers.
 -> (artifact id: '1e969bef31ae20829a54e721af5bd9ab') in 0.030794 seconds
Number of updated asset objects reloaded before import = 0
Number of asset objects unloaded after import = 14
========================================================================
Received Import Request.
  Time since last request: 0.295587 seconds.
  path: Assets/SBPrototypeEnvironment_SRP/Prefabs/Architecture/Arch_AddSlabCrnrVar3.prefab
  artifactKey: Guid(dc29b7584d78e884c9a32767a92f4768) Importer(815301076,1909f56bfc062723c751e8b465ee728b)
Start importing Assets/SBPrototypeEnvironment_SRP/Prefabs/Architecture/Arch_AddSlabCrnrVar3.prefab using Guid(dc29b7584d78e884c9a32767a92f4768) Importer(815301076,1909f56bfc062723c751e8b465ee728b) [PhysX] Initialized MultithreadedTaskDispatcher with 24 workers.
[PhysX] Initialized MultithreadedTaskDispatcher with 24 workers.
 -> (artifact id: '7a54ed4e574d6ccaf88b27353ffa0ba9') in 0.036505 seconds
Number of updated asset objects reloaded before import = 0
Number of asset objects unloaded after import = 14
========================================================================
Received Import Request.
  Time since last request: 0.028463 seconds.
  path: Assets/SBPrototypeEnvironment_SRP/Prefabs/Architecture/Arch_AddStrcrPlankCap.prefab
  artifactKey: Guid(8173e562ff69b8144ab130f20cb340f0) Importer(815301076,1909f56bfc062723c751e8b465ee728b)
Start importing Assets/SBPrototypeEnvironment_SRP/Prefabs/Architecture/Arch_AddStrcrPlankCap.prefab using Guid(8173e562ff69b8144ab130f20cb340f0) Importer(815301076,1909f56bfc062723c751e8b465ee728b) [PhysX] Initialized MultithreadedTaskDispatcher with 24 workers.
[PhysX] Initialized MultithreadedTaskDispatcher with 24 workers.
 -> (artifact id: 'e799e5687a022c832e3b038888287615') in 0.027876 seconds
Number of updated asset objects reloaded before import = 0
Number of asset objects unloaded after import = 14
========================================================================
Received Import Request.
  Time since last request: 0.736248 seconds.
  path: Assets/SBPrototypeEnvironment_SRP/Prefabs/Architecture/Arch_AddTrimCap.prefab
  artifactKey: Guid(fd218734c9ce8f9488fe89a794b72be1) Importer(815301076,1909f56bfc062723c751e8b465ee728b)
Start importing Assets/SBPrototypeEnvironment_SRP/Prefabs/Architecture/Arch_AddTrimCap.prefab using Guid(fd218734c9ce8f9488fe89a794b72be1) Importer(815301076,1909f56bfc062723c751e8b465ee728b) [PhysX] Initialized MultithreadedTaskDispatcher with 24 workers.
[PhysX] Initialized MultithreadedTaskDispatcher with 24 workers.
 -> (artifact id: '950639914bccd5e9c6d638d06976b547') in 0.038145 seconds
Number of updated asset objects reloaded before import = 0
Number of asset objects unloaded after import = 14
========================================================================
Received Import Request.
  Time since last request: 0.048366 seconds.
  path: Assets/SBPrototypeEnvironment_SRP/Prefabs/Architecture/Arch_BaseCyl90Door.prefab
  artifactKey: Guid(845cbeaccf963d8428de1c11894e5cea) Importer(815301076,1909f56bfc062723c751e8b465ee728b)
Start importing Assets/SBPrototypeEnvironment_SRP/Prefabs/Architecture/Arch_BaseCyl90Door.prefab using Guid(845cbeaccf963d8428de1c11894e5cea) Importer(815301076,1909f56bfc062723c751e8b465ee728b) [PhysX] Initialized MultithreadedTaskDispatcher with 24 workers.
[PhysX] Initialized MultithreadedTaskDispatcher with 24 workers.
 -> (artifact id: '53d02bb5cde506127132bae366424495') in 0.032193 seconds
Number of updated asset objects reloaded before import = 0
Number of asset objects unloaded after import = 14
========================================================================
Received Import Request.
  Time since last request: 0.008412 seconds.
  path: Assets/SBPrototypeEnvironment_SRP/Prefabs/Architecture/Arch_BaseDblSidedDoor.prefab
  artifactKey: Guid(799019e91178c7e44b575719e9a7382b) Importer(815301076,1909f56bfc062723c751e8b465ee728b)
Start importing Assets/SBPrototypeEnvironment_SRP/Prefabs/Architecture/Arch_BaseDblSidedDoor.prefab using Guid(799019e91178c7e44b575719e9a7382b) Importer(815301076,1909f56bfc062723c751e8b465ee728b) [PhysX] Initialized MultithreadedTaskDispatcher with 24 workers.
[PhysX] Initialized MultithreadedTaskDispatcher with 24 workers.
 -> (artifact id: '9dfe4b5067b2cfcb88792f957f1157dc') in 0.030746 seconds
Number of updated asset objects reloaded before import = 0
Number of asset objects unloaded after import = 14
========================================================================
Received Import Request.
  Time since last request: 0.234780 seconds.
  path: Assets/SBPrototypeEnvironment_SRP/Prefabs/Architecture/Arch_BaseDoorCrnrLVar2.prefab
  artifactKey: Guid(576a192c761f8d747b7e313d661b716d) Importer(815301076,1909f56bfc062723c751e8b465ee728b)
Start importing Assets/SBPrototypeEnvironment_SRP/Prefabs/Architecture/Arch_BaseDoorCrnrLVar2.prefab using Guid(576a192c761f8d747b7e313d661b716d) Importer(815301076,1909f56bfc062723c751e8b465ee728b) [PhysX] Initialized MultithreadedTaskDispatcher with 24 workers.
[PhysX] Initialized MultithreadedTaskDispatcher with 24 workers.
 -> (artifact id: 'd35b97a9f86e69a04ca189ca42ccb63e') in 0.038312 seconds
Number of updated asset objects reloaded before import = 0
Number of asset objects unloaded after import = 14
========================================================================
Received Import Request.
  Time since last request: 0.062202 seconds.
  path: Assets/SBPrototypeEnvironment_SRP/Prefabs/Architecture/Arch_BaseDoorSideVar2.prefab
  artifactKey: Guid(5d591d436629a6e4bb1a0b8da1306b76) Importer(815301076,1909f56bfc062723c751e8b465ee728b)
Start importing Assets/SBPrototypeEnvironment_SRP/Prefabs/Architecture/Arch_BaseDoorSideVar2.prefab using Guid(5d591d436629a6e4bb1a0b8da1306b76) Importer(815301076,1909f56bfc062723c751e8b465ee728b) [PhysX] Initialized MultithreadedTaskDispatcher with 24 workers.
[PhysX] Initialized MultithreadedTaskDispatcher with 24 workers.
 -> (artifact id: 'acd04226ee6d3415723374cc28dc1d47') in 0.032324 seconds
Number of updated asset objects reloaded before import = 0
Number of asset objects unloaded after import = 14
========================================================================
Received Import Request.
  Time since last request: 0.580236 seconds.
  path: Assets/SBPrototypeEnvironment_SRP/Prefabs/Architecture/Arch_BaseHalfCrnrVar2.prefab
  artifactKey: Guid(71759f43d8ed80840aecbcd91182da3d) Importer(815301076,1909f56bfc062723c751e8b465ee728b)
Start importing Assets/SBPrototypeEnvironment_SRP/Prefabs/Architecture/Arch_BaseHalfCrnrVar2.prefab using Guid(71759f43d8ed80840aecbcd91182da3d) Importer(815301076,1909f56bfc062723c751e8b465ee728b) [PhysX] Initialized MultithreadedTaskDispatcher with 24 workers.
[PhysX] Initialized MultithreadedTaskDispatcher with 24 workers.
 -> (artifact id: '07be5e88d00c9c30a6ec49e587428b3a') in 0.046356 seconds
Number of updated asset objects reloaded before import = 0
Number of asset objects unloaded after import = 14
========================================================================
Received Import Request.
  Time since last request: 0.042297 seconds.
  path: Assets/SBPrototypeEnvironment_SRP/Prefabs/Architecture/Arch_BaseHalfDbl1WayVar1.prefab
  artifactKey: Guid(81897865b39069241bd908a4deeebafa) Importer(815301076,1909f56bfc062723c751e8b465ee728b)
Start importing Assets/SBPrototypeEnvironment_SRP/Prefabs/Architecture/Arch_BaseHalfDbl1WayVar1.prefab using Guid(81897865b39069241bd908a4deeebafa) Importer(815301076,1909f56bfc062723c751e8b465ee728b) [PhysX] Initialized MultithreadedTaskDispatcher with 24 workers.
[PhysX] Initialized MultithreadedTaskDispatcher with 24 workers.
 -> (artifact id: 'd1f1b9d17a06434ff89b4e7cf0066ee4') in 0.034078 seconds
Number of updated asset objects reloaded before import = 0
Number of asset objects unloaded after import = 14
========================================================================
Received Import Request.
  Time since last request: 0.379382 seconds.
  path: Assets/SBPrototypeEnvironment_SRP/Prefabs/Architecture/Arch_BaseHalfSideHlfAlt1.prefab
  artifactKey: Guid(62004bd6592754e4796a14d011426037) Importer(815301076,1909f56bfc062723c751e8b465ee728b)
Start importing Assets/SBPrototypeEnvironment_SRP/Prefabs/Architecture/Arch_BaseHalfSideHlfAlt1.prefab using Guid(62004bd6592754e4796a14d011426037) Importer(815301076,1909f56bfc062723c751e8b465ee728b) [PhysX] Initialized MultithreadedTaskDispatcher with 24 workers.
[PhysX] Initialized MultithreadedTaskDispatcher with 24 workers.
 -> (artifact id: 'e0418a151300e3cf2079bb730db5b76e') in 0.041426 seconds
Number of updated asset objects reloaded before import = 0
Number of asset objects unloaded after import = 14
========================================================================
Received Import Request.
  Time since last request: 0.413818 seconds.
  path: Assets/SBPrototypeEnvironment_SRP/Prefabs/Architecture/Arch_BaseHalfSideVar2.prefab
  artifactKey: Guid(1879de79b08031b468ef6d50116c01c4) Importer(815301076,1909f56bfc062723c751e8b465ee728b)
Start importing Assets/SBPrototypeEnvironment_SRP/Prefabs/Architecture/Arch_BaseHalfSideVar2.prefab using Guid(1879de79b08031b468ef6d50116c01c4) Importer(815301076,1909f56bfc062723c751e8b465ee728b) [PhysX] Initialized MultithreadedTaskDispatcher with 24 workers.
[PhysX] Initialized MultithreadedTaskDispatcher with 24 workers.
 -> (artifact id: '825a4222b2cac1c81e6afc9ad02ff145') in 0.043347 seconds
Number of updated asset objects reloaded before import = 0
Number of asset objects unloaded after import = 14
========================================================================
Received Import Request.
  Time since last request: 0.066104 seconds.
  path: Assets/SBPrototypeEnvironment_SRP/Prefabs/Architecture/Arch_BaseIndntArchCrnrL.prefab
  artifactKey: Guid(3b88eb1400423154e95ba669d6af4630) Importer(815301076,1909f56bfc062723c751e8b465ee728b)
Start importing Assets/SBPrototypeEnvironment_SRP/Prefabs/Architecture/Arch_BaseIndntArchCrnrL.prefab using Guid(3b88eb1400423154e95ba669d6af4630) Importer(815301076,1909f56bfc062723c751e8b465ee728b) [PhysX] Initialized MultithreadedTaskDispatcher with 24 workers.
[PhysX] Initialized MultithreadedTaskDispatcher with 24 workers.
 -> (artifact id: 'a1c1e06ed2745acaf3906a0d68ec980a') in 0.032054 seconds
Number of updated asset objects reloaded before import = 0
Number of asset objects unloaded after import = 14
========================================================================
Received Import Request.
  Time since last request: 0.302488 seconds.
  path: Assets/SBPrototypeEnvironment_SRP/Prefabs/Architecture/Arch_BaseIndntDCapCrnrL.prefab
  artifactKey: Guid(b8b6e9319a755fc4ab314f65fd7b625a) Importer(815301076,1909f56bfc062723c751e8b465ee728b)
Start importing Assets/SBPrototypeEnvironment_SRP/Prefabs/Architecture/Arch_BaseIndntDCapCrnrL.prefab using Guid(b8b6e9319a755fc4ab314f65fd7b625a) Importer(815301076,1909f56bfc062723c751e8b465ee728b) [PhysX] Initialized MultithreadedTaskDispatcher with 24 workers.
[PhysX] Initialized MultithreadedTaskDispatcher with 24 workers.
 -> (artifact id: '4c7ee7c642b7ba0f6ee3f82be6263bca') in 0.038155 seconds
Number of updated asset objects reloaded before import = 0
Number of asset objects unloaded after import = 14
========================================================================
Received Import Request.
  Time since last request: 0.037938 seconds.
  path: Assets/SBPrototypeEnvironment_SRP/Prefabs/Architecture/Arch_BaseIndntDCeiling.prefab
  artifactKey: Guid(7ba8838e03ccb3647975338b02bead0b) Importer(815301076,1909f56bfc062723c751e8b465ee728b)
Start importing Assets/SBPrototypeEnvironment_SRP/Prefabs/Architecture/Arch_BaseIndntDCeiling.prefab using Guid(7ba8838e03ccb3647975338b02bead0b) Importer(815301076,1909f56bfc062723c751e8b465ee728b) [PhysX] Initialized MultithreadedTaskDispatcher with 24 workers.
[PhysX] Initialized MultithreadedTaskDispatcher with 24 workers.
 -> (artifact id: '78d032e296aa59fcea3afd75ee74c2e8') in 0.028464 seconds
Number of updated asset objects reloaded before import = 0
Number of asset objects unloaded after import = 14
========================================================================
Received Import Request.
  Time since last request: 0.000487 seconds.
  path: Assets/SBPrototypeEnvironment_SRP/Prefabs/Architecture/Arch_BaseIndntDNoCapCrnrL.prefab
  artifactKey: Guid(838182196681e244cad6d4ab00c48c57) Importer(815301076,1909f56bfc062723c751e8b465ee728b)
Start importing Assets/SBPrototypeEnvironment_SRP/Prefabs/Architecture/Arch_BaseIndntDNoCapCrnrL.prefab using Guid(838182196681e244cad6d4ab00c48c57) Importer(815301076,1909f56bfc062723c751e8b465ee728b) [PhysX] Initialized MultithreadedTaskDispatcher with 24 workers.
[PhysX] Initialized MultithreadedTaskDispatcher with 24 workers.
 -> (artifact id: '4f13b37f58a8c945b1e2da91994f2114') in 0.028941 seconds
Number of updated asset objects reloaded before import = 0
Number of asset objects unloaded after import = 14
========================================================================
Received Import Request.
  Time since last request: 0.342753 seconds.
  path: Assets/SBPrototypeEnvironment_SRP/Prefabs/Architecture/Arch_BaseIndntSCrnrR.prefab
  artifactKey: Guid(699ddd3fa055c8f4c941ee6e4ba2889e) Importer(815301076,1909f56bfc062723c751e8b465ee728b)
Start importing Assets/SBPrototypeEnvironment_SRP/Prefabs/Architecture/Arch_BaseIndntSCrnrR.prefab using Guid(699ddd3fa055c8f4c941ee6e4ba2889e) Importer(815301076,1909f56bfc062723c751e8b465ee728b) [PhysX] Initialized MultithreadedTaskDispatcher with 24 workers.
[PhysX] Initialized MultithreadedTaskDispatcher with 24 workers.
 -> (artifact id: '41eb66051d17ecae974306b6e249a73b') in 0.040529 seconds
Number of updated asset objects reloaded before import = 0
Number of asset objects unloaded after import = 14
========================================================================
Received Import Request.
  Time since last request: 0.058527 seconds.
  path: Assets/SBPrototypeEnvironment_SRP/Prefabs/Architecture/Arch_BaseIOverCeilingSide2Var2.prefab
  artifactKey: Guid(6f628188859c61b4889fb8819d5e1948) Importer(815301076,1909f56bfc062723c751e8b465ee728b)
Start importing Assets/SBPrototypeEnvironment_SRP/Prefabs/Architecture/Arch_BaseIOverCeilingSide2Var2.prefab using Guid(6f628188859c61b4889fb8819d5e1948) Importer(815301076,1909f56bfc062723c751e8b465ee728b) [PhysX] Initialized MultithreadedTaskDispatcher with 24 workers.
[PhysX] Initialized MultithreadedTaskDispatcher with 24 workers.
 -> (artifact id: '500c3a996fb875cc2240cc3e1c1fb738') in 0.032789 seconds
Number of updated asset objects reloaded before import = 0
Number of asset objects unloaded after import = 14
========================================================================
Received Import Request.
  Time since last request: 0.293538 seconds.
  path: Assets/SBPrototypeEnvironment_SRP/Prefabs/Architecture/Arch_BaseLowCrnrVar2.prefab
  artifactKey: Guid(1343706310b6e544b95bae994e7ef89d) Importer(815301076,1909f56bfc062723c751e8b465ee728b)
Start importing Assets/SBPrototypeEnvironment_SRP/Prefabs/Architecture/Arch_BaseLowCrnrVar2.prefab using Guid(1343706310b6e544b95bae994e7ef89d) Importer(815301076,1909f56bfc062723c751e8b465ee728b) [PhysX] Initialized MultithreadedTaskDispatcher with 24 workers.
[PhysX] Initialized MultithreadedTaskDispatcher with 24 workers.
 -> (artifact id: '8d33d2b0937ec8b09e410b4679ae7f5a') in 0.040738 seconds
Number of updated asset objects reloaded before import = 0
Number of asset objects unloaded after import = 14
========================================================================
Received Import Request.
  Time since last request: 0.001003 seconds.
  path: Assets/SBPrototypeEnvironment_SRP/Prefabs/Architecture/Arch_BaseLowCrnrVar5.prefab
  artifactKey: Guid(4ce63e0b44e86fa499eb9d362603fc38) Importer(815301076,1909f56bfc062723c751e8b465ee728b)
Start importing Assets/SBPrototypeEnvironment_SRP/Prefabs/Architecture/Arch_BaseLowCrnrVar5.prefab using Guid(4ce63e0b44e86fa499eb9d362603fc38) Importer(815301076,1909f56bfc062723c751e8b465ee728b) [PhysX] Initialized MultithreadedTaskDispatcher with 24 workers.
[PhysX] Initialized MultithreadedTaskDispatcher with 24 workers.
 -> (artifact id: 'cc142bbe98e63abe79e2e26d0dca0474') in 0.031997 seconds
Number of updated asset objects reloaded before import = 0
Number of asset objects unloaded after import = 14
========================================================================
Received Import Request.
  Time since last request: 0.006136 seconds.
  path: Assets/SBPrototypeEnvironment_SRP/Prefabs/Architecture/Arch_BaseLowDbl1WayVar1.prefab
  artifactKey: Guid(6be09903d8ff7204693e57aea7f77681) Importer(815301076,1909f56bfc062723c751e8b465ee728b)
Start importing Assets/SBPrototypeEnvironment_SRP/Prefabs/Architecture/Arch_BaseLowDbl1WayVar1.prefab using Guid(6be09903d8ff7204693e57aea7f77681) Importer(815301076,1909f56bfc062723c751e8b465ee728b) [PhysX] Initialized MultithreadedTaskDispatcher with 24 workers.
[PhysX] Initialized MultithreadedTaskDispatcher with 24 workers.
 -> (artifact id: 'a50288a6840dd89ffe0e83b9b3657db3') in 0.029384 seconds
Number of updated asset objects reloaded before import = 0
Number of asset objects unloaded after import = 14
========================================================================
Received Import Request.
  Time since last request: 0.232597 seconds.
  path: Assets/SBPrototypeEnvironment_SRP/Prefabs/Architecture/Arch_BaseLowDbl2WayVar1.prefab
  artifactKey: Guid(1de83b880d706f04c94ee4da65df1db7) Importer(815301076,1909f56bfc062723c751e8b465ee728b)
Start importing Assets/SBPrototypeEnvironment_SRP/Prefabs/Architecture/Arch_BaseLowDbl2WayVar1.prefab using Guid(1de83b880d706f04c94ee4da65df1db7) Importer(815301076,1909f56bfc062723c751e8b465ee728b) [PhysX] Initialized MultithreadedTaskDispatcher with 24 workers.
[PhysX] Initialized MultithreadedTaskDispatcher with 24 workers.
 -> (artifact id: 'bfc1e98aa4a066c5a13007712bc3f114') in 0.041043 seconds
Number of updated asset objects reloaded before import = 0
Number of asset objects unloaded after import = 14
========================================================================
Received Import Request.
  Time since last request: 0.032830 seconds.
  path: Assets/SBPrototypeEnvironment_SRP/Prefabs/Architecture/Arch_BaseLowSideHlfVar6.prefab
  artifactKey: Guid(e76c807b1ab867143995fd4bf81cc2bb) Importer(815301076,1909f56bfc062723c751e8b465ee728b)
Start importing Assets/SBPrototypeEnvironment_SRP/Prefabs/Architecture/Arch_BaseLowSideHlfVar6.prefab using Guid(e76c807b1ab867143995fd4bf81cc2bb) Importer(815301076,1909f56bfc062723c751e8b465ee728b) [PhysX] Initialized MultithreadedTaskDispatcher with 24 workers.
[PhysX] Initialized MultithreadedTaskDispatcher with 24 workers.
 -> (artifact id: 'a959dd4a3d62b4483c7ba6d61021c11f') in 0.028613 seconds
Number of updated asset objects reloaded before import = 0
Number of asset objects unloaded after import = 14
========================================================================
Received Import Request.
  Time since last request: 0.213911 seconds.
  path: Assets/SBPrototypeEnvironment_SRP/Prefabs/Architecture/Arch_BaseLowSideVar6.prefab
  artifactKey: Guid(e27fa25a3428b004b8112d48369b1bae) Importer(815301076,1909f56bfc062723c751e8b465ee728b)
Start importing Assets/SBPrototypeEnvironment_SRP/Prefabs/Architecture/Arch_BaseLowSideVar6.prefab using Guid(e27fa25a3428b004b8112d48369b1bae) Importer(815301076,1909f56bfc062723c751e8b465ee728b) [PhysX] Initialized MultithreadedTaskDispatcher with 24 workers.
[PhysX] Initialized MultithreadedTaskDispatcher with 24 workers.
 -> (artifact id: 'ad9a529d66bfa0d99473a86907932ed7') in 0.038409 seconds
Number of updated asset objects reloaded before import = 0
Number of asset objects unloaded after import = 14
========================================================================
Received Import Request.
  Time since last request: 0.036426 seconds.
  path: Assets/SBPrototypeEnvironment_SRP/Prefabs/Architecture/Arch_BaseNrmlCrnrVar5.prefab
  artifactKey: Guid(689a4924a3ac23b47a110e4f0f5cfbea) Importer(815301076,1909f56bfc062723c751e8b465ee728b)
Start importing Assets/SBPrototypeEnvironment_SRP/Prefabs/Architecture/Arch_BaseNrmlCrnrVar5.prefab using Guid(689a4924a3ac23b47a110e4f0f5cfbea) Importer(815301076,1909f56bfc062723c751e8b465ee728b) [PhysX] Initialized MultithreadedTaskDispatcher with 24 workers.
[PhysX] Initialized MultithreadedTaskDispatcher with 24 workers.
 -> (artifact id: '1c0e7464890aa858a83bb644df46db9b') in 0.028140 seconds
Number of updated asset objects reloaded before import = 0
Number of asset objects unloaded after import = 14
========================================================================
Received Import Request.
  Time since last request: 0.033386 seconds.
  path: Assets/SBPrototypeEnvironment_SRP/Prefabs/Architecture/Arch_BaseNrmlDbl2WayVar1.prefab
  artifactKey: Guid(e34586feb7e4ae843a9223e9c3aa227a) Importer(815301076,1909f56bfc062723c751e8b465ee728b)
Start importing Assets/SBPrototypeEnvironment_SRP/Prefabs/Architecture/Arch_BaseNrmlDbl2WayVar1.prefab using Guid(e34586feb7e4ae843a9223e9c3aa227a) Importer(815301076,1909f56bfc062723c751e8b465ee728b) [PhysX] Initialized MultithreadedTaskDispatcher with 24 workers.
[PhysX] Initialized MultithreadedTaskDispatcher with 24 workers.
 -> (artifact id: 'b58e91b4305ef936e36b7d8d6f9ad4d2') in 0.031056 seconds
Number of updated asset objects reloaded before import = 0
Number of asset objects unloaded after import = 14
========================================================================
Received Import Request.
  Time since last request: 0.137541 seconds.
  path: Assets/SBPrototypeEnvironment_SRP/Prefabs/Architecture/Arch_BaseNrmlSideHlfVar2.prefab
  artifactKey: Guid(e885ec1b74b33d64fa41a43d4cab9699) Importer(815301076,1909f56bfc062723c751e8b465ee728b)
Start importing Assets/SBPrototypeEnvironment_SRP/Prefabs/Architecture/Arch_BaseNrmlSideHlfVar2.prefab using Guid(e885ec1b74b33d64fa41a43d4cab9699) Importer(815301076,1909f56bfc062723c751e8b465ee728b) [PhysX] Initialized MultithreadedTaskDispatcher with 24 workers.
[PhysX] Initialized MultithreadedTaskDispatcher with 24 workers.
 -> (artifact id: '1b90e31ddfc7c9630b9138a74eadf7da') in 0.034635 seconds
Number of updated asset objects reloaded before import = 0
Number of asset objects unloaded after import = 14
========================================================================
Received Import Request.
  Time since last request: 0.009044 seconds.
  path: Assets/SBPrototypeEnvironment_SRP/Prefabs/Architecture/Arch_BaseNrmlSideVar2.prefab
  artifactKey: Guid(59b5c8e187cf3934481c20734cd31307) Importer(815301076,1909f56bfc062723c751e8b465ee728b)
Start importing Assets/SBPrototypeEnvironment_SRP/Prefabs/Architecture/Arch_BaseNrmlSideVar2.prefab using Guid(59b5c8e187cf3934481c20734cd31307) Importer(815301076,1909f56bfc062723c751e8b465ee728b) [PhysX] Initialized MultithreadedTaskDispatcher with 24 workers.
[PhysX] Initialized MultithreadedTaskDispatcher with 24 workers.
 -> (artifact id: 'd2f19cabfffd4726b5ccb8bf72ec18e0') in 0.035675 seconds
Number of updated asset objects reloaded before import = 0
Number of asset objects unloaded after import = 14
========================================================================
Received Import Request.
  Time since last request: 0.004680 seconds.
  path: Assets/SBPrototypeEnvironment_SRP/Prefabs/Architecture/Arch_BasePillarShortVar1.prefab
  artifactKey: Guid(b6aa2ad5b4500be42ad2e56de5ac002f) Importer(815301076,1909f56bfc062723c751e8b465ee728b)
Start importing Assets/SBPrototypeEnvironment_SRP/Prefabs/Architecture/Arch_BasePillarShortVar1.prefab using Guid(b6aa2ad5b4500be42ad2e56de5ac002f) Importer(815301076,1909f56bfc062723c751e8b465ee728b) [PhysX] Initialized MultithreadedTaskDispatcher with 24 workers.
[PhysX] Initialized MultithreadedTaskDispatcher with 24 workers.
 -> (artifact id: '86b3ddedd7f09081d11049aca2b528ee') in 0.034039 seconds
Number of updated asset objects reloaded before import = 0
Number of asset objects unloaded after import = 14
========================================================================
Received Import Request.
  Time since last request: 9.545144 seconds.
  path: Assets/SBPrototypeEnvironment_SRP/Prefabs/Kits/Kit_Light_Square.prefab
  artifactKey: Guid(5d41c4134878eea48844265c1ee85915) Importer(815301076,1909f56bfc062723c751e8b465ee728b)
Start importing Assets/SBPrototypeEnvironment_SRP/Prefabs/Kits/Kit_Light_Square.prefab using Guid(5d41c4134878eea48844265c1ee85915) Importer(815301076,1909f56bfc062723c751e8b465ee728b) [PhysX] Initialized MultithreadedTaskDispatcher with 24 workers.
[PhysX] Initialized MultithreadedTaskDispatcher with 24 workers.
 -> (artifact id: 'bc1695a81ce0b7fd4ddb73e6e8834392') in 0.031428 seconds
Number of updated asset objects reloaded before import = 0
Number of asset objects unloaded after import = 11
========================================================================
Received Import Request.
  Time since last request: 0.000611 seconds.
  path: Assets/SBPrototypeEnvironment_SRP/Prefabs/Kits/Kit_Pipe_3Way.prefab
  artifactKey: Guid(2a7281eda638cbe498b88c376898c869) Importer(815301076,1909f56bfc062723c751e8b465ee728b)
Start importing Assets/SBPrototypeEnvironment_SRP/Prefabs/Kits/Kit_Pipe_3Way.prefab using Guid(2a7281eda638cbe498b88c376898c869) Importer(815301076,1909f56bfc062723c751e8b465ee728b) [PhysX] Initialized MultithreadedTaskDispatcher with 24 workers.
[PhysX] Initialized MultithreadedTaskDispatcher with 24 workers.
 -> (artifact id: 'b8c418cc757c9c00e3a9ce84102a82d8') in 0.029042 seconds
Number of updated asset objects reloaded before import = 0
Number of asset objects unloaded after import = 11
========================================================================
Received Import Request.
  Time since last request: 1.253349 seconds.
  path: Assets/SBPrototypeEnvironment_SRP/Prefabs/Kits/Kit_Steel_BeamDbl1.prefab
  artifactKey: Guid(ce0859e7837035b489a23c52cfc946be) Importer(815301076,1909f56bfc062723c751e8b465ee728b)
Start importing Assets/SBPrototypeEnvironment_SRP/Prefabs/Kits/Kit_Steel_BeamDbl1.prefab using Guid(ce0859e7837035b489a23c52cfc946be) Importer(815301076,1909f56bfc062723c751e8b465ee728b) [PhysX] Initialized MultithreadedTaskDispatcher with 24 workers.
[PhysX] Initialized MultithreadedTaskDispatcher with 24 workers.
 -> (artifact id: '69af2f577fbd5b2c5b96aff54eda8408') in 0.035432 seconds
Number of updated asset objects reloaded before import = 0
Number of asset objects unloaded after import = 11
========================================================================
Received Import Request.
  Time since last request: 0.007390 seconds.
  path: Assets/SBPrototypeEnvironment_SRP/Prefabs/Kits/Kit_Steel_BeamVar2.prefab
  artifactKey: Guid(89f68f7160f29b04f9e1a3faf85bc313) Importer(815301076,1909f56bfc062723c751e8b465ee728b)
Start importing Assets/SBPrototypeEnvironment_SRP/Prefabs/Kits/Kit_Steel_BeamVar2.prefab using Guid(89f68f7160f29b04f9e1a3faf85bc313) Importer(815301076,1909f56bfc062723c751e8b465ee728b) [PhysX] Initialized MultithreadedTaskDispatcher with 24 workers.
[PhysX] Initialized MultithreadedTaskDispatcher with 24 workers.
 -> (artifact id: '4e3cdd79e408170006f5417c5bf08250') in 0.038724 seconds
Number of updated asset objects reloaded before import = 0
Number of asset objects unloaded after import = 11
========================================================================
Received Import Request.
  Time since last request: 1.075356 seconds.
  path: Assets/SBPrototypeEnvironment_SRP/Prefabs/Kits/Kit_Vent2Way.prefab
  artifactKey: Guid(ce98a008efb1c6c40ba81ce7b3e6e74c) Importer(815301076,1909f56bfc062723c751e8b465ee728b)
Start importing Assets/SBPrototypeEnvironment_SRP/Prefabs/Kits/Kit_Vent2Way.prefab using Guid(ce98a008efb1c6c40ba81ce7b3e6e74c) Importer(815301076,1909f56bfc062723c751e8b465ee728b) [PhysX] Initialized MultithreadedTaskDispatcher with 24 workers.
[PhysX] Initialized MultithreadedTaskDispatcher with 24 workers.
 -> (artifact id: '9352d8dcf3da3900a0df5dfa663b1059') in 0.034729 seconds
Number of updated asset objects reloaded before import = 0
Number of asset objects unloaded after import = 11
========================================================================
Received Import Request.
  Time since last request: 7.144719 seconds.
  path: Assets/SBPrototypeEnvironment_SRP/Prefabs/Kits/Kit_Vent2WayCrnr2Var1.prefab
  artifactKey: Guid(7a3797f7a23cf234a820734de227563a) Importer(815301076,1909f56bfc062723c751e8b465ee728b)
Start importing Assets/SBPrototypeEnvironment_SRP/Prefabs/Kits/Kit_Vent2WayCrnr2Var1.prefab using Guid(7a3797f7a23cf234a820734de227563a) Importer(815301076,1909f56bfc062723c751e8b465ee728b) [PhysX] Initialized MultithreadedTaskDispatcher with 24 workers.
[PhysX] Initialized MultithreadedTaskDispatcher with 24 workers.
 -> (artifact id: '15022687c735a1bd1b55edc3922abf8e') in 0.037790 seconds
Number of updated asset objects reloaded before import = 0
Number of asset objects unloaded after import = 11
========================================================================
Received Import Request.
  Time since last request: 0.941858 seconds.
  path: Assets/SBPrototypeEnvironment_SRP/Prefabs/Kits/Kit_Vent3WayAltVar1.prefab
  artifactKey: Guid(80727905470f09749afea783df25f211) Importer(815301076,1909f56bfc062723c751e8b465ee728b)
Start importing Assets/SBPrototypeEnvironment_SRP/Prefabs/Kits/Kit_Vent3WayAltVar1.prefab using Guid(80727905470f09749afea783df25f211) Importer(815301076,1909f56bfc062723c751e8b465ee728b) [PhysX] Initialized MultithreadedTaskDispatcher with 24 workers.
[PhysX] Initialized MultithreadedTaskDispatcher with 24 workers.
 -> (artifact id: 'd983672cdfd5a08789660f73f32f45f5') in 0.029292 seconds
Number of updated asset objects reloaded before import = 0
Number of asset objects unloaded after import = 11
========================================================================
Received Import Request.
  Time since last request: 0.034433 seconds.
  path: Assets/SBPrototypeEnvironment_SRP/Prefabs/Kits/Kit_Vent3WayVar2.prefab
  artifactKey: Guid(082eb94f34571cd429689cf0ec03d38e) Importer(815301076,1909f56bfc062723c751e8b465ee728b)
Start importing Assets/SBPrototypeEnvironment_SRP/Prefabs/Kits/Kit_Vent3WayVar2.prefab using Guid(082eb94f34571cd429689cf0ec03d38e) Importer(815301076,1909f56bfc062723c751e8b465ee728b) [PhysX] Initialized MultithreadedTaskDispatcher with 24 workers.
[PhysX] Initialized MultithreadedTaskDispatcher with 24 workers.
 -> (artifact id: 'fc03b298015701ebd773d51ab5d68832') in 0.028343 seconds
Number of updated asset objects reloaded before import = 0
Number of asset objects unloaded after import = 11
========================================================================
Received Import Request.
  Time since last request: 7.448806 seconds.
  path: Assets/SBPrototypeEnvironment_SRP/Prefabs/Kits/Kit_VentAirOutVar1.prefab
  artifactKey: Guid(04fe80b5d5f031e40aa17958115da098) Importer(815301076,1909f56bfc062723c751e8b465ee728b)
Start importing Assets/SBPrototypeEnvironment_SRP/Prefabs/Kits/Kit_VentAirOutVar1.prefab using Guid(04fe80b5d5f031e40aa17958115da098) Importer(815301076,1909f56bfc062723c751e8b465ee728b) [PhysX] Initialized MultithreadedTaskDispatcher with 24 workers.
[PhysX] Initialized MultithreadedTaskDispatcher with 24 workers.
 -> (artifact id: '3c1f36a3c8c24d04db5c4d5c2b0ae160') in 0.033606 seconds
Number of updated asset objects reloaded before import = 0
Number of asset objects unloaded after import = 11
Editor requested this worker to shutdown with reason: Scaling down because of idle timeout
TcpMessagingSession - receive error: operation aborted. errorcode: 995, details:        I/O  .
AssetImportWorker is now disconnected from the server
Process exiting
Exiting without the bug reporter. Application will terminate with return code 0