Using pre-set license
Built from '2022.3/staging' branch; Version is '2022.3.35f1 (011206c7a712) revision 70150'; Using compiler version '192829333'; Build Type 'Release'
OS: 'Windows 11  (10.0.22631) 64bit Core' Language: 'ko' Physical Memory: 14029 MB
BatchMode: 1, IsHumanControllingUs: 0, StartBugReporterOnCrash: 0, Is64bit: 1, IsPro: 1

COMMAND LINE ARGUMENTS:
C:\Program Files\Unity\Hub\Editor\2022.3.35f1\Editor\Unity.exe
-adb2
-batchMode
-noUpm
-name
AssetImportWorker30
-projectPath
C:/Unity_project/ARVR/sideview/sideview/sideview_puzzle
-logFile
Logs/AssetImportWorker30.log
-srvPort
56830
Successfully changed project path to: C:/Unity_project/ARVR/sideview/sideview/sideview_puzzle
C:/Unity_project/ARVR/sideview/sideview/sideview_puzzle
[UnityMemory] Configuration Parameters - Can be set up in boot.config
    "memorysetup-bucket-allocator-granularity=16"
    "memorysetup-bucket-allocator-bucket-count=8"
    "memorysetup-bucket-allocator-block-size=33554432"
    "memorysetup-bucket-allocator-block-count=8"
    "memorysetup-main-allocator-block-size=16777216"
    "memorysetup-thread-allocator-block-size=16777216"
    "memorysetup-gfx-main-allocator-block-size=16777216"
    "memorysetup-gfx-thread-allocator-block-size=16777216"
    "memorysetup-cache-allocator-block-size=4194304"
    "memorysetup-typetree-allocator-block-size=2097152"
    "memorysetup-profiler-bucket-allocator-granularity=16"
    "memorysetup-profiler-bucket-allocator-bucket-count=8"
    "memorysetup-profiler-bucket-allocator-block-size=33554432"
    "memorysetup-profiler-bucket-allocator-block-count=8"
    "memorysetup-profiler-allocator-block-size=16777216"
    "memorysetup-profiler-editor-allocator-block-size=1048576"
    "memorysetup-temp-allocator-size-main=16777216"
    "memorysetup-job-temp-allocator-block-size=2097152"
    "memorysetup-job-temp-allocator-block-size-background=1048576"
    "memorysetup-job-temp-allocator-reduction-small-platforms=262144"
    "memorysetup-allocator-temp-initial-block-size-main=262144"
    "memorysetup-allocator-temp-initial-block-size-worker=262144"
    "memorysetup-temp-allocator-size-background-worker=32768"
    "memorysetup-temp-allocator-size-job-worker=262144"
    "memorysetup-temp-allocator-size-preload-manager=33554432"
    "memorysetup-temp-allocator-size-nav-mesh-worker=65536"
    "memorysetup-temp-allocator-size-audio-worker=65536"
    "memorysetup-temp-allocator-size-cloud-worker=32768"
    "memorysetup-temp-allocator-size-gi-baking-worker=262144"
    "memorysetup-temp-allocator-size-gfx=262144"
Player connection [14088] Host "[IP] 10.50.244.213 [Port] 0 [Flags] 2 [Guid] 2162266818 [EditorId] 2162266818 [Version] 1048832 [Id] WindowsEditor(7,YJH-v16) [Debug] 1 [PackageName] WindowsEditor [ProjectName] Editor" joined multi-casting on [225.0.0.222:54997]...

Player connection [14088] Host "[IP] 10.50.244.213 [Port] 0 [Flags] 2 [Guid] 2162266818 [EditorId] 2162266818 [Version] 1048832 [Id] WindowsEditor(7,YJH-v16) [Debug] 1 [PackageName] WindowsEditor [ProjectName] Editor" joined alternative multi-casting on [225.0.0.222:34997]...

[PhysX] Initialized MultithreadedTaskDispatcher with 24 workers.
Refreshing native plugins compatible for Editor in 7.76 ms, found 3 plugins.
Preloading 0 native plugins for Editor in 0.00 ms.
Initialize engine version: 2022.3.35f1 (011206c7a712)
[Subsystems] Discovering subsystems at path C:/Program Files/Unity/Hub/Editor/2022.3.35f1/Editor/Data/Resources/UnitySubsystems
[Subsystems] Discovering subsystems at path C:/Unity_project/ARVR/sideview/sideview/sideview_puzzle/Assets
GfxDevice: creating device client; threaded=0; jobified=0
Direct3D:
    Version:  Direct3D 11.0 [level 11.1]
    Renderer: NVIDIA GeForce RTX 4060 Laptop GPU (ID=0x28a0)
    Vendor:   NVIDIA
    VRAM:     7972 MB
    Driver:   31.0.15.4680
Initialize mono
Mono path[0] = 'C:/Program Files/Unity/Hub/Editor/2022.3.35f1/Editor/Data/Managed'
Mono path[1] = 'C:/Program Files/Unity/Hub/Editor/2022.3.35f1/Editor/Data/MonoBleedingEdge/lib/mono/unityjit-win32'
Mono config path = 'C:/Program Files/Unity/Hub/Editor/2022.3.35f1/Editor/Data/MonoBleedingEdge/etc'
Using monoOptions --debugger-agent=transport=dt_socket,embedding=1,server=y,suspend=n,address=127.0.0.1:56764
Begin MonoManager ReloadAssembly
Registering precompiled unity dll's ...
Register platform support module: C:/Program Files/Unity/Hub/Editor/2022.3.35f1/Editor/Data/PlaybackEngines/AndroidPlayer/UnityEditor.Android.Extensions.dll
Register platform support module: C:/Program Files/Unity/Hub/Editor/2022.3.35f1/Editor/Data/PlaybackEngines/WindowsStandaloneSupport/UnityEditor.WindowsStandalone.Extensions.dll
Registered in 0.005815 seconds.
- Loaded All Assemblies, in  0.324 seconds
Native extension for WindowsStandalone target not found
Native extension for Android target not found
Android Extension - Scanning For ADB Devices 512 ms
Mono: successfully reloaded assembly
- Finished resetting the current domain, in  0.852 seconds
Domain Reload Profiling: 1176ms
	BeginReloadAssembly (94ms)
		ExecutionOrderSort (0ms)
		DisableScriptedObjects (0ms)
		BackupInstance (0ms)
		ReleaseScriptingObjects (0ms)
		CreateAndSetChildDomain (1ms)
	RebuildCommonClasses (29ms)
	RebuildNativeTypeToScriptingClass (9ms)
	initialDomainReloadingComplete (53ms)
	LoadAllAssembliesAndSetupDomain (137ms)
		LoadAssemblies (93ms)
		RebuildTransferFunctionScriptingTraits (0ms)
		AnalyzeDomain (136ms)
			TypeCache.Refresh (134ms)
				TypeCache.ScanAssembly (121ms)
			ScanForSourceGeneratedMonoScriptInfo (0ms)
			ResolveRequiredComponents (0ms)
	FinalizeReload (853ms)
		ReleaseScriptCaches (0ms)
		RebuildScriptCaches (0ms)
		SetupLoadedEditorAssemblies (797ms)
			LogAssemblyErrors (0ms)
			InitializePlatformSupportModulesInManaged (620ms)
			SetLoadedEditorAssemblies (4ms)
			RefreshPlugins (0ms)
			BeforeProcessingInitializeOnLoad (2ms)
			ProcessInitializeOnLoadAttributes (125ms)
			ProcessInitializeOnLoadMethodAttributes (46ms)
			AfterProcessingInitializeOnLoad (0ms)
			EditorAssembliesLoaded (0ms)
		ExecutionOrderSort2 (0ms)
		AwakeInstancesAfterBackupRestoration (0ms)
========================================================================
Worker process is ready to serve import requests
Begin MonoManager ReloadAssembly
- Loaded All Assemblies, in  0.674 seconds
Refreshing native plugins compatible for Editor in 2.92 ms, found 3 plugins.
Native extension for WindowsStandalone target not found
Native extension for Android target not found
Package Manager log level set to [2]
[Package Manager] Server::EnsureServerProcessIsRunning -- launch failed, reason: Unity was launched with the -noUpm command-line argument
[Package Manager] UpmClient::Send -- Unable to send message (not connected to UPM process).
[Package Manager] Cannot connect to Unity Package Manager local server
Mono: successfully reloaded assembly
- Finished resetting the current domain, in  0.782 seconds
Domain Reload Profiling: 1455ms
	BeginReloadAssembly (142ms)
		ExecutionOrderSort (0ms)
		DisableScriptedObjects (5ms)
		BackupInstance (0ms)
		ReleaseScriptingObjects (0ms)
		CreateAndSetChildDomain (22ms)
	RebuildCommonClasses (31ms)
	RebuildNativeTypeToScriptingClass (11ms)
	initialDomainReloadingComplete (50ms)
	LoadAllAssembliesAndSetupDomain (439ms)
		LoadAssemblies (318ms)
		RebuildTransferFunctionScriptingTraits (0ms)
		AnalyzeDomain (200ms)
			TypeCache.Refresh (177ms)
				TypeCache.ScanAssembly (159ms)
			ScanForSourceGeneratedMonoScriptInfo (16ms)
			ResolveRequiredComponents (6ms)
	FinalizeReload (782ms)
		ReleaseScriptCaches (0ms)
		RebuildScriptCaches (0ms)
		SetupLoadedEditorAssemblies (627ms)
			LogAssemblyErrors (0ms)
			InitializePlatformSupportModulesInManaged (24ms)
			SetLoadedEditorAssemblies (5ms)
			RefreshPlugins (0ms)
			BeforeProcessingInitializeOnLoad (62ms)
			ProcessInitializeOnLoadAttributes (510ms)
			ProcessInitializeOnLoadMethodAttributes (20ms)
			AfterProcessingInitializeOnLoad (5ms)
			EditorAssembliesLoaded (0ms)
		ExecutionOrderSort2 (0ms)
		AwakeInstancesAfterBackupRestoration (6ms)
Launched and connected shader compiler UnityShaderCompiler.exe after 0.07 seconds
Refreshing native plugins compatible for Editor in 3.60 ms, found 3 plugins.
Preloading 0 native plugins for Editor in 0.00 ms.
Unloading 3456 Unused Serialized files (Serialized files now loaded: 0)
Unloading 58 unused Assets / (1.9 MB). Loaded Objects now: 3938.
Memory consumption went from 201.4 MB to 199.5 MB.
Total: 6.645500 ms (FindLiveObjects: 0.564600 ms CreateObjectMapping: 0.190200 ms MarkObjects: 5.496100 ms  DeleteObjects: 0.392000 ms)

AssetImportParameters requested are different than current active one (requested -> active):
  custom:container-demuxer-ogg: 62fdf1f143b41e24485cea50d1cbac27 -> 
  custom:scripting/monoscript/fileName/qwer.cs: f964b07dff5a9f91b9b8dcb5a2e153e6 -> 
  custom:video-codec-MediaFoundation-h265: 746d11721c4dcdbdad8f713fa42b33f4 -> 
  custom:video-decoder-ogg-theora: a1e56fd34408186e4bbccfd4996cb3dc -> 
  custom:framework-win-MediaFoundation: 216162199b28c13a410421893ffa2e32 -> 
  custom:CustomObjectIndexerAttribute: 9a22284fe3817be447336de3de66b15e -> 
  custom:container-demuxer-webm: 4f35f7cbe854078d1ac9338744f61a02 -> 
  custom:container-muxer-webm: aa71ff27fc2769a1b78a27578f13a17b -> 
  custom:video-decoder-webm-vp8: 9c59270c3fd7afecdb556c50c9e8de78 -> 
  custom:SearchIndexIgnoredProperties: e643bd26f0fe6173181afceb89e7c659 -> 
  custom:AudioImporter_EditorPlatform: d09bf68614088b80899f8185d706f6e7 -> 
  custom:video-encoder-webm-vp8: eb34c28f22e8b96e1ab97ce403110664 -> 
  custom:audio-decoder-ogg-vorbis: bf7c407c2cedff20999df2af8eb42d56 -> 
  custom:audio-encoder-webm-vorbis: bf7c407c2cedff20999df2af8eb42d56 -> 
========================================================================
Received Import Request.
  Time since last request: 504598.478731 seconds.
  path: Assets/SBPrototypeEnvironment_SRP/Prefabs/Cliff/Env_Cliff4.prefab
  artifactKey: Guid(d47e514b05b41bb41a655cdc00154c35) Importer(815301076,1909f56bfc062723c751e8b465ee728b)
Start importing Assets/SBPrototypeEnvironment_SRP/Prefabs/Cliff/Env_Cliff4.prefab using Guid(d47e514b05b41bb41a655cdc00154c35) Importer(815301076,1909f56bfc062723c751e8b465ee728b) [PhysX] Initialized MultithreadedTaskDispatcher with 24 workers.
[PhysX] Initialized MultithreadedTaskDispatcher with 24 workers.
 -> (artifact id: '93e196a2bd9e0583ce56fc647e8a4d4b') in 0.120318 seconds
Number of updated asset objects reloaded before import = 0
Number of asset objects unloaded after import = 22
========================================================================
Received Import Request.
  Time since last request: 3.133839 seconds.
  path: Assets/SBPrototypeEnvironment_SRP/Prefabs/Flora/Flora_Tree4.prefab
  artifactKey: Guid(c5136bde091fe48438427420f3016fec) Importer(815301076,1909f56bfc062723c751e8b465ee728b)
Start importing Assets/SBPrototypeEnvironment_SRP/Prefabs/Flora/Flora_Tree4.prefab using Guid(c5136bde091fe48438427420f3016fec) Importer(815301076,1909f56bfc062723c751e8b465ee728b) [PhysX] Initialized MultithreadedTaskDispatcher with 24 workers.
[PhysX] Initialized MultithreadedTaskDispatcher with 24 workers.
 -> (artifact id: '5523a0c9b2c0057046054456c0b13fa6') in 0.304540 seconds
Number of updated asset objects reloaded before import = 0
Number of asset objects unloaded after import = 19
========================================================================
Received Import Request.
  Time since last request: 0.000029 seconds.
  path: Assets/SBPrototypeEnvironment_SRP/Prefabs/Flora/Flora_TreeB3.prefab
  artifactKey: Guid(a866ccbe568a69d4a9eca49fcf104ac3) Importer(815301076,1909f56bfc062723c751e8b465ee728b)
Start importing Assets/SBPrototypeEnvironment_SRP/Prefabs/Flora/Flora_TreeB3.prefab using Guid(a866ccbe568a69d4a9eca49fcf104ac3) Importer(815301076,1909f56bfc062723c751e8b465ee728b) [PhysX] Initialized MultithreadedTaskDispatcher with 24 workers.
[PhysX] Initialized MultithreadedTaskDispatcher with 24 workers.
 -> (artifact id: '0e4f57e69ce6a1562f46c272d07810e7') in 0.076539 seconds
Number of updated asset objects reloaded before import = 0
Number of asset objects unloaded after import = 19
========================================================================
Received Import Request.
  Time since last request: 18.612783 seconds.
  path: Assets/SBPrototypeEnvironment_SRP/Prefabs/Props/Clutter_BreadContainer.prefab
  artifactKey: Guid(de6a0aa9b1c9a6246a99bf974536face) Importer(815301076,1909f56bfc062723c751e8b465ee728b)
Start importing Assets/SBPrototypeEnvironment_SRP/Prefabs/Props/Clutter_BreadContainer.prefab using Guid(de6a0aa9b1c9a6246a99bf974536face) Importer(815301076,1909f56bfc062723c751e8b465ee728b) [PhysX] Initialized MultithreadedTaskDispatcher with 24 workers.
[PhysX] Initialized MultithreadedTaskDispatcher with 24 workers.
 -> (artifact id: '1b33b48f387c258e73b64795a9232d21') in 0.098948 seconds
Number of updated asset objects reloaded before import = 0
Number of asset objects unloaded after import = 11
========================================================================
Received Import Request.
  Time since last request: 0.000028 seconds.
  path: Assets/SBPrototypeEnvironment_SRP/Prefabs/Props/Clutter_CardBox2.prefab
  artifactKey: Guid(430c6d95741ad544cac846c4d70721ef) Importer(815301076,1909f56bfc062723c751e8b465ee728b)
Start importing Assets/SBPrototypeEnvironment_SRP/Prefabs/Props/Clutter_CardBox2.prefab using Guid(430c6d95741ad544cac846c4d70721ef) Importer(815301076,1909f56bfc062723c751e8b465ee728b) [PhysX] Initialized MultithreadedTaskDispatcher with 24 workers.
[PhysX] Initialized MultithreadedTaskDispatcher with 24 workers.
 -> (artifact id: 'f76814808b2389628321027410c37e13') in 0.085982 seconds
Number of updated asset objects reloaded before import = 0
Number of asset objects unloaded after import = 11
========================================================================
Received Import Request.
  Time since last request: 0.931410 seconds.
  path: Assets/SBPrototypeEnvironment_SRP/Prefabs/Props/Prop_ChairSquareVar2.prefab
  artifactKey: Guid(0d87f2077bc1f504786d228f4c3973ba) Importer(815301076,1909f56bfc062723c751e8b465ee728b)
Start importing Assets/SBPrototypeEnvironment_SRP/Prefabs/Props/Prop_ChairSquareVar2.prefab using Guid(0d87f2077bc1f504786d228f4c3973ba) Importer(815301076,1909f56bfc062723c751e8b465ee728b) [PhysX] Initialized MultithreadedTaskDispatcher with 24 workers.
[PhysX] Initialized MultithreadedTaskDispatcher with 24 workers.
 -> (artifact id: '5ff4348c13b741a6befd91de5f89505d') in 0.089874 seconds
Number of updated asset objects reloaded before import = 0
Number of asset objects unloaded after import = 11
========================================================================
Received Import Request.
  Time since last request: 0.402554 seconds.
  path: Assets/SBPrototypeEnvironment_SRP/Prefabs/Props/Prop_DecoFenceVar1.prefab
  artifactKey: Guid(2fe4f82c05f7f494d9c22aacbb740a4b) Importer(815301076,1909f56bfc062723c751e8b465ee728b)
Start importing Assets/SBPrototypeEnvironment_SRP/Prefabs/Props/Prop_DecoFenceVar1.prefab using Guid(2fe4f82c05f7f494d9c22aacbb740a4b) Importer(815301076,1909f56bfc062723c751e8b465ee728b) [PhysX] Initialized MultithreadedTaskDispatcher with 24 workers.
[PhysX] Initialized MultithreadedTaskDispatcher with 24 workers.
 -> (artifact id: '3f1787432e14bd35188e41ac90b296ad') in 0.025325 seconds
Number of updated asset objects reloaded before import = 0
Number of asset objects unloaded after import = 11
========================================================================
Received Import Request.
  Time since last request: 2.847085 seconds.
  path: Assets/SBPrototypeEnvironment_SRP/Prefabs/Rock/Env_RockSml3.prefab
  artifactKey: Guid(c1d652ae568c900409b25ad911e52ce1) Importer(815301076,1909f56bfc062723c751e8b465ee728b)
Start importing Assets/SBPrototypeEnvironment_SRP/Prefabs/Rock/Env_RockSml3.prefab using Guid(c1d652ae568c900409b25ad911e52ce1) Importer(815301076,1909f56bfc062723c751e8b465ee728b) [PhysX] Initialized MultithreadedTaskDispatcher with 24 workers.
[PhysX] Initialized MultithreadedTaskDispatcher with 24 workers.
 -> (artifact id: '771bc5ab90ea59f80dea922b17f2ad74') in 0.039809 seconds
Number of updated asset objects reloaded before import = 0
Number of asset objects unloaded after import = 17
========================================================================
Received Import Request.
  Time since last request: 0.000033 seconds.
  path: Assets/SBPrototypeEnvironment_SRP/Prefabs/Rock/Env_RockSml6.prefab
  artifactKey: Guid(c0e5ea0ca3802fd43a12c36bfe9a7bc9) Importer(815301076,1909f56bfc062723c751e8b465ee728b)
Start importing Assets/SBPrototypeEnvironment_SRP/Prefabs/Rock/Env_RockSml6.prefab using Guid(c0e5ea0ca3802fd43a12c36bfe9a7bc9) Importer(815301076,1909f56bfc062723c751e8b465ee728b) [PhysX] Initialized MultithreadedTaskDispatcher with 24 workers.
[PhysX] Initialized MultithreadedTaskDispatcher with 24 workers.
 -> (artifact id: 'fc4f32f660551f85cf7e425c24f19536') in 0.023406 seconds
Number of updated asset objects reloaded before import = 0
Number of asset objects unloaded after import = 17
========================================================================
Received Import Request.
  Time since last request: 1.563195 seconds.
  path: Assets/SBPrototypeEnvironment_SRP/Prefabs/Rock/NoLOD/Env_RockSml_1.prefab
  artifactKey: Guid(2ac305bd0ea15a349b53244504a50509) Importer(815301076,1909f56bfc062723c751e8b465ee728b)
Start importing Assets/SBPrototypeEnvironment_SRP/Prefabs/Rock/NoLOD/Env_RockSml_1.prefab using Guid(2ac305bd0ea15a349b53244504a50509) Importer(815301076,1909f56bfc062723c751e8b465ee728b) [PhysX] Initialized MultithreadedTaskDispatcher with 24 workers.
[PhysX] Initialized MultithreadedTaskDispatcher with 24 workers.
 -> (artifact id: '44a156491bd3c66af8468726377bf3b8') in 0.024994 seconds
Number of updated asset objects reloaded before import = 0
Number of asset objects unloaded after import = 10
========================================================================
Received Import Request.
  Time since last request: 0.002318 seconds.
  path: Assets/SBPrototypeEnvironment_SRP/Prefabs/Rock/NoLOD/Env_RockSml_5.prefab
  artifactKey: Guid(a43353778ade0cc47ba6c71369248e12) Importer(815301076,1909f56bfc062723c751e8b465ee728b)
Start importing Assets/SBPrototypeEnvironment_SRP/Prefabs/Rock/NoLOD/Env_RockSml_5.prefab using Guid(a43353778ade0cc47ba6c71369248e12) Importer(815301076,1909f56bfc062723c751e8b465ee728b) [PhysX] Initialized MultithreadedTaskDispatcher with 24 workers.
[PhysX] Initialized MultithreadedTaskDispatcher with 24 workers.
 -> (artifact id: '0c67bec0d736621d8096da4b25076ec4') in 0.025041 seconds
Number of updated asset objects reloaded before import = 0
Number of asset objects unloaded after import = 9
========================================================================
Received Import Request.
  Time since last request: 1.911272 seconds.
  path: Assets/SBPrototypeEnvironment_SRP/Prefabs/Architecture/Arch_AddPavementCrnrAVar1.prefab
  artifactKey: Guid(07b297dbee9d0a841a807aed3ddd8603) Importer(815301076,1909f56bfc062723c751e8b465ee728b)
Start importing Assets/SBPrototypeEnvironment_SRP/Prefabs/Architecture/Arch_AddPavementCrnrAVar1.prefab using Guid(07b297dbee9d0a841a807aed3ddd8603) Importer(815301076,1909f56bfc062723c751e8b465ee728b) [PhysX] Initialized MultithreadedTaskDispatcher with 24 workers.
[PhysX] Initialized MultithreadedTaskDispatcher with 24 workers.
 -> (artifact id: 'e15e65de775ee10375a024d6a4e3bd8a') in 0.277751 seconds
Number of updated asset objects reloaded before import = 0
Number of asset objects unloaded after import = 14
========================================================================
Received Import Request.
  Time since last request: 0.000045 seconds.
  path: Assets/SBPrototypeEnvironment_SRP/Prefabs/Architecture/Arch_AddPavementCrnrDVar3.prefab
  artifactKey: Guid(9923fede1b7eb204ca6f772934e98b7a) Importer(815301076,1909f56bfc062723c751e8b465ee728b)
Start importing Assets/SBPrototypeEnvironment_SRP/Prefabs/Architecture/Arch_AddPavementCrnrDVar3.prefab using Guid(9923fede1b7eb204ca6f772934e98b7a) Importer(815301076,1909f56bfc062723c751e8b465ee728b) [PhysX] Initialized MultithreadedTaskDispatcher with 24 workers.
[PhysX] Initialized MultithreadedTaskDispatcher with 24 workers.
 -> (artifact id: '5bea2ca76168e139f0b3461041e7a4c5') in 0.098259 seconds
Number of updated asset objects reloaded before import = 0
Number of asset objects unloaded after import = 14
========================================================================
Received Import Request.
  Time since last request: 0.000028 seconds.
  path: Assets/SBPrototypeEnvironment_SRP/Prefabs/Architecture/Arch_AddPavementCrnrCVar3.prefab
  artifactKey: Guid(ff913ae7b2cbff44b9f9d7a2922856e0) Importer(815301076,1909f56bfc062723c751e8b465ee728b)
Start importing Assets/SBPrototypeEnvironment_SRP/Prefabs/Architecture/Arch_AddPavementCrnrCVar3.prefab using Guid(ff913ae7b2cbff44b9f9d7a2922856e0) Importer(815301076,1909f56bfc062723c751e8b465ee728b) [PhysX] Initialized MultithreadedTaskDispatcher with 24 workers.
[PhysX] Initialized MultithreadedTaskDispatcher with 24 workers.
 -> (artifact id: '21b0a3a51a259d250edeb4be3fd5dd10') in 0.054796 seconds
Number of updated asset objects reloaded before import = 0
Number of asset objects unloaded after import = 14
========================================================================
Received Import Request.
  Time since last request: 0.599517 seconds.
  path: Assets/SBPrototypeEnvironment_SRP/Prefabs/Architecture/Arch_AddRoofSideCap.prefab
  artifactKey: Guid(833096731b7f29d439a115b83e29d14f) Importer(815301076,1909f56bfc062723c751e8b465ee728b)
Start importing Assets/SBPrototypeEnvironment_SRP/Prefabs/Architecture/Arch_AddRoofSideCap.prefab using Guid(833096731b7f29d439a115b83e29d14f) Importer(815301076,1909f56bfc062723c751e8b465ee728b) [PhysX] Initialized MultithreadedTaskDispatcher with 24 workers.
[PhysX] Initialized MultithreadedTaskDispatcher with 24 workers.
 -> (artifact id: 'fdd526f69d649cc737423c2c481bf246') in 0.032765 seconds
Number of updated asset objects reloaded before import = 0
Number of asset objects unloaded after import = 14
========================================================================
Received Import Request.
  Time since last request: 0.000639 seconds.
  path: Assets/SBPrototypeEnvironment_SRP/Prefabs/Architecture/Arch_AddSlabBaseVar2.prefab
  artifactKey: Guid(f72ec46545ff4674a98d5ec5daba00fe) Importer(815301076,1909f56bfc062723c751e8b465ee728b)
Start importing Assets/SBPrototypeEnvironment_SRP/Prefabs/Architecture/Arch_AddSlabBaseVar2.prefab using Guid(f72ec46545ff4674a98d5ec5daba00fe) Importer(815301076,1909f56bfc062723c751e8b465ee728b) [PhysX] Initialized MultithreadedTaskDispatcher with 24 workers.
[PhysX] Initialized MultithreadedTaskDispatcher with 24 workers.
 -> (artifact id: 'a92c8dda2838d761144ee9ef2327b644') in 0.028036 seconds
Number of updated asset objects reloaded before import = 0
Number of asset objects unloaded after import = 14
========================================================================
Received Import Request.
  Time since last request: 0.307406 seconds.
  path: Assets/SBPrototypeEnvironment_SRP/Prefabs/Architecture/Arch_AddSlabSideVar1.prefab
  artifactKey: Guid(141fb4132e3460742815d3920682b090) Importer(815301076,1909f56bfc062723c751e8b465ee728b)
Start importing Assets/SBPrototypeEnvironment_SRP/Prefabs/Architecture/Arch_AddSlabSideVar1.prefab using Guid(141fb4132e3460742815d3920682b090) Importer(815301076,1909f56bfc062723c751e8b465ee728b) [PhysX] Initialized MultithreadedTaskDispatcher with 24 workers.
[PhysX] Initialized MultithreadedTaskDispatcher with 24 workers.
 -> (artifact id: '7a8b25691edb7e23d56a6366b2e12a72') in 0.034040 seconds
Number of updated asset objects reloaded before import = 0
Number of asset objects unloaded after import = 14
========================================================================
Received Import Request.
  Time since last request: 0.819637 seconds.
  path: Assets/SBPrototypeEnvironment_SRP/Prefabs/Architecture/Arch_AddTrimSide.prefab
  artifactKey: Guid(8703b3cd7ad301641ada8b482915ed08) Importer(815301076,1909f56bfc062723c751e8b465ee728b)
Start importing Assets/SBPrototypeEnvironment_SRP/Prefabs/Architecture/Arch_AddTrimSide.prefab using Guid(8703b3cd7ad301641ada8b482915ed08) Importer(815301076,1909f56bfc062723c751e8b465ee728b) [PhysX] Initialized MultithreadedTaskDispatcher with 24 workers.
[PhysX] Initialized MultithreadedTaskDispatcher with 24 workers.
 -> (artifact id: 'f053cdeda777b5f0836f895cd93ea096') in 0.043693 seconds
Number of updated asset objects reloaded before import = 0
Number of asset objects unloaded after import = 14
========================================================================
Received Import Request.
  Time since last request: 0.326753 seconds.
  path: Assets/SBPrototypeEnvironment_SRP/Prefabs/Architecture/Arch_BaseDoorCrnrLVar3.prefab
  artifactKey: Guid(72e8f94154819dc429bf05cf6df2dfd6) Importer(815301076,1909f56bfc062723c751e8b465ee728b)
Start importing Assets/SBPrototypeEnvironment_SRP/Prefabs/Architecture/Arch_BaseDoorCrnrLVar3.prefab using Guid(72e8f94154819dc429bf05cf6df2dfd6) Importer(815301076,1909f56bfc062723c751e8b465ee728b) [PhysX] Initialized MultithreadedTaskDispatcher with 24 workers.
[PhysX] Initialized MultithreadedTaskDispatcher with 24 workers.
 -> (artifact id: '198d3db843bb9d9453eb78ba8f0b760a') in 0.040468 seconds
Number of updated asset objects reloaded before import = 0
Number of asset objects unloaded after import = 14
========================================================================
Received Import Request.
  Time since last request: 0.699013 seconds.
  path: Assets/SBPrototypeEnvironment_SRP/Prefabs/Architecture/Arch_BaseHalfCrnrVar4.prefab
  artifactKey: Guid(1b1ed0974a362dc43b344575af8450eb) Importer(815301076,1909f56bfc062723c751e8b465ee728b)
Start importing Assets/SBPrototypeEnvironment_SRP/Prefabs/Architecture/Arch_BaseHalfCrnrVar4.prefab using Guid(1b1ed0974a362dc43b344575af8450eb) Importer(815301076,1909f56bfc062723c751e8b465ee728b) [PhysX] Initialized MultithreadedTaskDispatcher with 24 workers.
[PhysX] Initialized MultithreadedTaskDispatcher with 24 workers.
 -> (artifact id: 'f8a6def2b889008f53963efe8d08c65d') in 0.039944 seconds
Number of updated asset objects reloaded before import = 0
Number of asset objects unloaded after import = 14
========================================================================
Received Import Request.
  Time since last request: 0.031281 seconds.
  path: Assets/SBPrototypeEnvironment_SRP/Prefabs/Architecture/Arch_BaseHalfDbl1WayVar2.prefab
  artifactKey: Guid(87da47f11f62ed24fb0f3943db17cddb) Importer(815301076,1909f56bfc062723c751e8b465ee728b)
Start importing Assets/SBPrototypeEnvironment_SRP/Prefabs/Architecture/Arch_BaseHalfDbl1WayVar2.prefab using Guid(87da47f11f62ed24fb0f3943db17cddb) Importer(815301076,1909f56bfc062723c751e8b465ee728b) [PhysX] Initialized MultithreadedTaskDispatcher with 24 workers.
[PhysX] Initialized MultithreadedTaskDispatcher with 24 workers.
 -> (artifact id: 'ce324c98b279b4e5832a5960b62707a9') in 0.033230 seconds
Number of updated asset objects reloaded before import = 0
Number of asset objects unloaded after import = 14
========================================================================
Received Import Request.
  Time since last request: 0.377015 seconds.
  path: Assets/SBPrototypeEnvironment_SRP/Prefabs/Architecture/Arch_BaseHalfSideHlfVar2.prefab
  artifactKey: Guid(772ea9a7b7809c84e906e9901c67c0fa) Importer(815301076,1909f56bfc062723c751e8b465ee728b)
Start importing Assets/SBPrototypeEnvironment_SRP/Prefabs/Architecture/Arch_BaseHalfSideHlfVar2.prefab using Guid(772ea9a7b7809c84e906e9901c67c0fa) Importer(815301076,1909f56bfc062723c751e8b465ee728b) [PhysX] Initialized MultithreadedTaskDispatcher with 24 workers.
[PhysX] Initialized MultithreadedTaskDispatcher with 24 workers.
 -> (artifact id: '73f83ce9ebb5b3b64de967b38e751a6f') in 0.039017 seconds
Number of updated asset objects reloaded before import = 0
Number of asset objects unloaded after import = 14
========================================================================
Received Import Request.
  Time since last request: 0.419882 seconds.
  path: Assets/SBPrototypeEnvironment_SRP/Prefabs/Architecture/Arch_BaseHalfSideVar3.prefab
  artifactKey: Guid(21b556bd7f4289c4db9513516bbb8861) Importer(815301076,1909f56bfc062723c751e8b465ee728b)
Start importing Assets/SBPrototypeEnvironment_SRP/Prefabs/Architecture/Arch_BaseHalfSideVar3.prefab using Guid(21b556bd7f4289c4db9513516bbb8861) Importer(815301076,1909f56bfc062723c751e8b465ee728b) [PhysX] Initialized MultithreadedTaskDispatcher with 24 workers.
[PhysX] Initialized MultithreadedTaskDispatcher with 24 workers.
 -> (artifact id: '561e1f33bc559978b4ce3967a651ef74') in 0.038396 seconds
Number of updated asset objects reloaded before import = 0
Number of asset objects unloaded after import = 14
========================================================================
Received Import Request.
  Time since last request: 0.488405 seconds.
  path: Assets/SBPrototypeEnvironment_SRP/Prefabs/Architecture/Arch_BaseIndntDCrnrL.prefab
  artifactKey: Guid(3d23774a68de0f34d88cf1e074ae436f) Importer(815301076,1909f56bfc062723c751e8b465ee728b)
Start importing Assets/SBPrototypeEnvironment_SRP/Prefabs/Architecture/Arch_BaseIndntDCrnrL.prefab using Guid(3d23774a68de0f34d88cf1e074ae436f) Importer(815301076,1909f56bfc062723c751e8b465ee728b) [PhysX] Initialized MultithreadedTaskDispatcher with 24 workers.
[PhysX] Initialized MultithreadedTaskDispatcher with 24 workers.
 -> (artifact id: 'ce52bdf55d8ac03bd939f7f26cd51cff') in 0.031003 seconds
Number of updated asset objects reloaded before import = 0
Number of asset objects unloaded after import = 14
========================================================================
Received Import Request.
  Time since last request: 0.371810 seconds.
  path: Assets/SBPrototypeEnvironment_SRP/Prefabs/Architecture/Arch_BaseIndntSSideM.prefab
  artifactKey: Guid(bb33abaeccad60a41a8548502425233e) Importer(815301076,1909f56bfc062723c751e8b465ee728b)
Start importing Assets/SBPrototypeEnvironment_SRP/Prefabs/Architecture/Arch_BaseIndntSSideM.prefab using Guid(bb33abaeccad60a41a8548502425233e) Importer(815301076,1909f56bfc062723c751e8b465ee728b) [PhysX] Initialized MultithreadedTaskDispatcher with 24 workers.
[PhysX] Initialized MultithreadedTaskDispatcher with 24 workers.
 -> (artifact id: 'b52175499572c1b77e2f0db4375baf4d') in 0.039276 seconds
Number of updated asset objects reloaded before import = 0
Number of asset objects unloaded after import = 14
========================================================================
Received Import Request.
  Time since last request: 0.739098 seconds.
  path: Assets/SBPrototypeEnvironment_SRP/Prefabs/Architecture/Arch_BaseLowDbl2WayVar2.prefab
  artifactKey: Guid(56538a355d7b78045bbfdc052491a7d4) Importer(815301076,1909f56bfc062723c751e8b465ee728b)
Start importing Assets/SBPrototypeEnvironment_SRP/Prefabs/Architecture/Arch_BaseLowDbl2WayVar2.prefab using Guid(56538a355d7b78045bbfdc052491a7d4) Importer(815301076,1909f56bfc062723c751e8b465ee728b) [PhysX] Initialized MultithreadedTaskDispatcher with 24 workers.
[PhysX] Initialized MultithreadedTaskDispatcher with 24 workers.
 -> (artifact id: '87d47cc16f2ddb5ae0417a44569a76d5') in 0.033205 seconds
Number of updated asset objects reloaded before import = 0
Number of asset objects unloaded after import = 14
========================================================================
Received Import Request.
  Time since last request: 0.029297 seconds.
  path: Assets/SBPrototypeEnvironment_SRP/Prefabs/Architecture/Arch_BaseLowSideVar1.prefab
  artifactKey: Guid(19beef744475c1243913b9cbf32d656c) Importer(815301076,1909f56bfc062723c751e8b465ee728b)
Start importing Assets/SBPrototypeEnvironment_SRP/Prefabs/Architecture/Arch_BaseLowSideVar1.prefab using Guid(19beef744475c1243913b9cbf32d656c) Importer(815301076,1909f56bfc062723c751e8b465ee728b) [PhysX] Initialized MultithreadedTaskDispatcher with 24 workers.
[PhysX] Initialized MultithreadedTaskDispatcher with 24 workers.
 -> (artifact id: '6f59ca2ed6ada5ad9aa830a9618336c2') in 0.029661 seconds
Number of updated asset objects reloaded before import = 0
Number of asset objects unloaded after import = 14
========================================================================
Received Import Request.
  Time since last request: 0.224542 seconds.
  path: Assets/SBPrototypeEnvironment_SRP/Prefabs/Architecture/Arch_BaseLowSideVar7.prefab
  artifactKey: Guid(377f172065280624b8d9f0ab3bb57ad0) Importer(815301076,1909f56bfc062723c751e8b465ee728b)
Start importing Assets/SBPrototypeEnvironment_SRP/Prefabs/Architecture/Arch_BaseLowSideVar7.prefab using Guid(377f172065280624b8d9f0ab3bb57ad0) Importer(815301076,1909f56bfc062723c751e8b465ee728b) [PhysX] Initialized MultithreadedTaskDispatcher with 24 workers.
[PhysX] Initialized MultithreadedTaskDispatcher with 24 workers.
 -> (artifact id: '4a41edbb369a0015337af59d39f1a653') in 0.031854 seconds
Number of updated asset objects reloaded before import = 0
Number of asset objects unloaded after import = 14
========================================================================
Received Import Request.
  Time since last request: 0.036457 seconds.
  path: Assets/SBPrototypeEnvironment_SRP/Prefabs/Architecture/Arch_BaseNrmlCrnrVar6.prefab
  artifactKey: Guid(2d18a6a374f67c247ab090e52eee63b2) Importer(815301076,1909f56bfc062723c751e8b465ee728b)
Start importing Assets/SBPrototypeEnvironment_SRP/Prefabs/Architecture/Arch_BaseNrmlCrnrVar6.prefab using Guid(2d18a6a374f67c247ab090e52eee63b2) Importer(815301076,1909f56bfc062723c751e8b465ee728b) [PhysX] Initialized MultithreadedTaskDispatcher with 24 workers.
[PhysX] Initialized MultithreadedTaskDispatcher with 24 workers.
 -> (artifact id: '10ee1bde226cd719061da4b214aee6cc') in 0.029621 seconds
Number of updated asset objects reloaded before import = 0
Number of asset objects unloaded after import = 14
========================================================================
Received Import Request.
  Time since last request: 0.031428 seconds.
  path: Assets/SBPrototypeEnvironment_SRP/Prefabs/Architecture/Arch_BaseNrmlDbl2WayVar2.prefab
  artifactKey: Guid(f73271057f59fad4dab6fa267361c577) Importer(815301076,1909f56bfc062723c751e8b465ee728b)
Start importing Assets/SBPrototypeEnvironment_SRP/Prefabs/Architecture/Arch_BaseNrmlDbl2WayVar2.prefab using Guid(f73271057f59fad4dab6fa267361c577) Importer(815301076,1909f56bfc062723c751e8b465ee728b) [PhysX] Initialized MultithreadedTaskDispatcher with 24 workers.
[PhysX] Initialized MultithreadedTaskDispatcher with 24 workers.
 -> (artifact id: 'd4bd9eab33e75aad7754a614521aeeee') in 0.030751 seconds
Number of updated asset objects reloaded before import = 0
Number of asset objects unloaded after import = 14
========================================================================
Received Import Request.
  Time since last request: 0.145643 seconds.
  path: Assets/SBPrototypeEnvironment_SRP/Prefabs/Architecture/Arch_BaseNrmlSideHlfVar4.prefab
  artifactKey: Guid(fc900860a9ab6fd4aa913c7374bfa4ac) Importer(815301076,1909f56bfc062723c751e8b465ee728b)
Start importing Assets/SBPrototypeEnvironment_SRP/Prefabs/Architecture/Arch_BaseNrmlSideHlfVar4.prefab using Guid(fc900860a9ab6fd4aa913c7374bfa4ac) Importer(815301076,1909f56bfc062723c751e8b465ee728b) [PhysX] Initialized MultithreadedTaskDispatcher with 24 workers.
[PhysX] Initialized MultithreadedTaskDispatcher with 24 workers.
 -> (artifact id: '5e857e5c309d0c049508c55668835b05') in 0.039627 seconds
Number of updated asset objects reloaded before import = 0
Number of asset objects unloaded after import = 14
========================================================================
Received Import Request.
  Time since last request: 0.003160 seconds.
  path: Assets/SBPrototypeEnvironment_SRP/Prefabs/Architecture/Arch_BaseNrmlSideVar4.prefab
  artifactKey: Guid(09307b08a5e315b49b99a5f22896752d) Importer(815301076,1909f56bfc062723c751e8b465ee728b)
Start importing Assets/SBPrototypeEnvironment_SRP/Prefabs/Architecture/Arch_BaseNrmlSideVar4.prefab using Guid(09307b08a5e315b49b99a5f22896752d) Importer(815301076,1909f56bfc062723c751e8b465ee728b) [PhysX] Initialized MultithreadedTaskDispatcher with 24 workers.
[PhysX] Initialized MultithreadedTaskDispatcher with 24 workers.
 -> (artifact id: '62d4a7f5ede99a9ce38f46d87983186e') in 0.037301 seconds
Number of updated asset objects reloaded before import = 0
Number of asset objects unloaded after import = 14
========================================================================
Received Import Request.
  Time since last request: 9.587557 seconds.
  path: Assets/SBPrototypeEnvironment_SRP/Prefabs/Kits/Kit_Pipe_2Way.prefab
  artifactKey: Guid(615563f24cb67e84cb3333f234af7ba8) Importer(815301076,1909f56bfc062723c751e8b465ee728b)
Start importing Assets/SBPrototypeEnvironment_SRP/Prefabs/Kits/Kit_Pipe_2Way.prefab using Guid(615563f24cb67e84cb3333f234af7ba8) Importer(815301076,1909f56bfc062723c751e8b465ee728b) [PhysX] Initialized MultithreadedTaskDispatcher with 24 workers.
[PhysX] Initialized MultithreadedTaskDispatcher with 24 workers.
 -> (artifact id: 'd2c5f7a2ac3593dbb282d47938fa5da8') in 0.029836 seconds
Number of updated asset objects reloaded before import = 0
Number of asset objects unloaded after import = 11
========================================================================
Received Import Request.
  Time since last request: 0.000049 seconds.
  path: Assets/SBPrototypeEnvironment_SRP/Prefabs/Kits/Kit_Steel_Beam2CrnrVar2.prefab
  artifactKey: Guid(3847078a3bba91b419d26ba020557a2d) Importer(815301076,1909f56bfc062723c751e8b465ee728b)
Start importing Assets/SBPrototypeEnvironment_SRP/Prefabs/Kits/Kit_Steel_Beam2CrnrVar2.prefab using Guid(3847078a3bba91b419d26ba020557a2d) Importer(815301076,1909f56bfc062723c751e8b465ee728b) [PhysX] Initialized MultithreadedTaskDispatcher with 24 workers.
[PhysX] Initialized MultithreadedTaskDispatcher with 24 workers.
 -> (artifact id: '36e49b71101dd660bf379747b168278f') in 0.027993 seconds
Number of updated asset objects reloaded before import = 0
Number of asset objects unloaded after import = 11
Editor requested this worker to shutdown with reason: Scaling down because of idle timeout
TcpMessagingSession - receive error: operation aborted. errorcode: 995, details: 스레드 종료 또는 응용 프로그램 요청 때문에 I/O 작업이 취소되었습니다.
AssetImportWorker is now disconnected from the server
Process exiting
Exiting without the bug reporter. Application will terminate with return code 0